2023-02-15 11:00:32,768 INFO o.s.b.StartupInfoLogger [main] Starting EmployifySearchApplication using Java 17.0.4.1 on KATARINA with PID 7116 (C:\Users\PC\Desktop\AgencijaZaZaposljavanje\EmployifySearch\EmployifySearchBack\target\classes started by PC in C:\Users\PC\Desktop\AgencijaZaZaposljavanje\EmployifySearch\EmployifySearchBack)
2023-02-15 11:00:32,794 INFO o.s.b.SpringApplication [main] No active profile set, falling back to default profiles: default
2023-02-15 11:00:33,785 INFO o.s.d.r.c.RepositoryConfigurationDelegate [main] Bootstrapping Spring Data Elasticsearch repositories in DEFAULT mode.
2023-02-15 11:00:33,878 INFO o.s.d.r.c.RepositoryConfigurationDelegate [main] Finished Spring Data repository scanning in 82 ms. Found 1 Elasticsearch repository interfaces.
2023-02-15 11:00:34,192 INFO o.s.d.r.c.RepositoryConfigurationDelegate [main] Bootstrapping Spring Data Reactive Elasticsearch repositories in DEFAULT mode.
2023-02-15 11:00:34,206 INFO o.s.d.r.c.RepositoryConfigurationDelegate [main] Finished Spring Data repository scanning in 13 ms. Found 0 Reactive Elasticsearch repository interfaces.
2023-02-15 11:00:35,032 INFO o.s.b.w.e.t.TomcatWebServer [main] Tomcat initialized with port(s): 9099 (http)
2023-02-15 11:00:35,068 INFO o.a.j.l.DirectJDKLog [main] Initializing ProtocolHandler ["http-nio-9099"]
2023-02-15 11:00:35,070 INFO o.a.j.l.DirectJDKLog [main] Starting service [Tomcat]
2023-02-15 11:00:35,071 INFO o.a.j.l.DirectJDKLog [main] Starting Servlet engine: [Apache Tomcat/9.0.56]
2023-02-15 11:00:35,307 INFO o.a.j.l.DirectJDKLog [main] Initializing Spring embedded WebApplicationContext
2023-02-15 11:00:35,308 INFO o.s.b.w.s.c.ServletWebServerApplicationContext [main] Root WebApplicationContext: initialization completed in 2406 ms
2023-02-15 11:00:37,371 INFO o.a.j.l.DirectJDKLog [main] Starting ProtocolHandler ["http-nio-9099"]
2023-02-15 11:00:37,392 INFO o.s.b.w.e.t.TomcatWebServer [main] Tomcat started on port(s): 9099 (http) with context path ''
2023-02-15 11:00:37,408 INFO o.s.b.StartupInfoLogger [main] Started EmployifySearchApplication in 5.807 seconds (JVM running for 8.113)
2023-02-15 11:01:41,048 INFO o.a.j.l.DirectJDKLog [http-nio-9099-exec-1] Initializing Spring DispatcherServlet 'dispatcherServlet'
2023-02-15 11:01:41,048 INFO o.s.w.s.FrameworkServlet [http-nio-9099-exec-1] Initializing Servlet 'dispatcherServlet'
2023-02-15 11:01:41,063 INFO o.s.w.s.FrameworkServlet [http-nio-9099-exec-1] Completed initialization in 15 ms
2023-02-15 11:01:41,319 INFO c.e.c.IndexerController [http-nio-9099-exec-1] CITY=Belgrade
2023-02-15 11:10:45,036 INFO o.s.b.StartupInfoLogger [main] Starting EmployifySearchApplication using Java 17.0.4.1 on KATARINA with PID 11500 (C:\Users\PC\Desktop\AgencijaZaZaposljavanje\EmployifySearch\EmployifySearchBack\target\classes started by PC in C:\Users\PC\Desktop\AgencijaZaZaposljavanje\EmployifySearch\EmployifySearchBack)
2023-02-15 11:10:45,062 INFO o.s.b.SpringApplication [main] No active profile set, falling back to default profiles: default
2023-02-15 11:10:46,518 INFO o.s.d.r.c.RepositoryConfigurationDelegate [main] Bootstrapping Spring Data Elasticsearch repositories in DEFAULT mode.
2023-02-15 11:10:46,664 INFO o.s.d.r.c.RepositoryConfigurationDelegate [main] Finished Spring Data repository scanning in 130 ms. Found 1 Elasticsearch repository interfaces.
2023-02-15 11:10:47,252 INFO o.s.d.r.c.RepositoryConfigurationDelegate [main] Bootstrapping Spring Data Reactive Elasticsearch repositories in DEFAULT mode.
2023-02-15 11:10:47,280 INFO o.s.d.r.c.RepositoryConfigurationDelegate [main] Finished Spring Data repository scanning in 26 ms. Found 0 Reactive Elasticsearch repository interfaces.
2023-02-15 11:10:48,724 INFO o.s.b.w.e.t.TomcatWebServer [main] Tomcat initialized with port(s): 9099 (http)
2023-02-15 11:10:48,776 INFO o.a.j.l.DirectJDKLog [main] Initializing ProtocolHandler ["http-nio-9099"]
2023-02-15 11:10:48,779 INFO o.a.j.l.DirectJDKLog [main] Starting service [Tomcat]
2023-02-15 11:10:48,780 INFO o.a.j.l.DirectJDKLog [main] Starting Servlet engine: [Apache Tomcat/9.0.56]
2023-02-15 11:10:49,104 INFO o.a.j.l.DirectJDKLog [main] Initializing Spring embedded WebApplicationContext
2023-02-15 11:10:49,104 INFO o.s.b.w.s.c.ServletWebServerApplicationContext [main] Root WebApplicationContext: initialization completed in 3922 ms
2023-02-15 11:10:54,608 INFO o.a.j.l.DirectJDKLog [main] Starting ProtocolHandler ["http-nio-9099"]
2023-02-15 11:10:54,635 INFO o.s.b.w.e.t.TomcatWebServer [main] Tomcat started on port(s): 9099 (http) with context path ''
2023-02-15 11:10:54,650 INFO o.s.b.StartupInfoLogger [main] Started EmployifySearchApplication in 11.243 seconds (JVM running for 14.701)
2023-02-15 11:12:02,726 INFO o.a.j.l.DirectJDKLog [http-nio-9099-exec-2] Initializing Spring DispatcherServlet 'dispatcherServlet'
2023-02-15 11:12:02,727 INFO o.s.w.s.FrameworkServlet [http-nio-9099-exec-2] Initializing Servlet 'dispatcherServlet'
2023-02-15 11:12:02,728 INFO o.s.w.s.FrameworkServlet [http-nio-9099-exec-2] Completed initialization in 1 ms
2023-02-15 11:13:11,510 INFO o.s.b.StartupInfoLogger [main] Starting EmployifySearchApplication using Java 17.0.4.1 on KATARINA with PID 3656 (C:\Users\PC\Desktop\AgencijaZaZaposljavanje\EmployifySearch\EmployifySearchBack\target\classes started by PC in C:\Users\PC\Desktop\AgencijaZaZaposljavanje\EmployifySearch\EmployifySearchBack)
2023-02-15 11:13:11,539 INFO o.s.b.SpringApplication [main] No active profile set, falling back to default profiles: default
2023-02-15 11:13:12,616 INFO o.s.d.r.c.RepositoryConfigurationDelegate [main] Bootstrapping Spring Data Elasticsearch repositories in DEFAULT mode.
2023-02-15 11:13:12,730 INFO o.s.d.r.c.RepositoryConfigurationDelegate [main] Finished Spring Data repository scanning in 101 ms. Found 1 Elasticsearch repository interfaces.
2023-02-15 11:13:13,092 INFO o.s.d.r.c.RepositoryConfigurationDelegate [main] Bootstrapping Spring Data Reactive Elasticsearch repositories in DEFAULT mode.
2023-02-15 11:13:13,109 INFO o.s.d.r.c.RepositoryConfigurationDelegate [main] Finished Spring Data repository scanning in 16 ms. Found 0 Reactive Elasticsearch repository interfaces.
2023-02-15 11:13:14,178 INFO o.s.b.w.e.t.TomcatWebServer [main] Tomcat initialized with port(s): 9099 (http)
2023-02-15 11:13:14,224 INFO o.a.j.l.DirectJDKLog [main] Initializing ProtocolHandler ["http-nio-9099"]
2023-02-15 11:13:14,225 INFO o.a.j.l.DirectJDKLog [main] Starting service [Tomcat]
2023-02-15 11:13:14,227 INFO o.a.j.l.DirectJDKLog [main] Starting Servlet engine: [Apache Tomcat/9.0.56]
2023-02-15 11:13:14,486 INFO o.a.j.l.DirectJDKLog [main] Initializing Spring embedded WebApplicationContext
2023-02-15 11:13:14,487 INFO o.s.b.w.s.c.ServletWebServerApplicationContext [main] Root WebApplicationContext: initialization completed in 2822 ms
2023-02-15 11:13:17,005 INFO o.a.j.l.DirectJDKLog [main] Starting ProtocolHandler ["http-nio-9099"]
2023-02-15 11:13:17,036 INFO o.s.b.w.e.t.TomcatWebServer [main] Tomcat started on port(s): 9099 (http) with context path ''
2023-02-15 11:13:17,055 INFO o.s.b.StartupInfoLogger [main] Started EmployifySearchApplication in 6.888 seconds (JVM running for 9.597)
2023-02-15 11:13:39,710 INFO o.a.j.l.DirectJDKLog [http-nio-9099-exec-2] Initializing Spring DispatcherServlet 'dispatcherServlet'
2023-02-15 11:13:39,711 INFO o.s.w.s.FrameworkServlet [http-nio-9099-exec-2] Initializing Servlet 'dispatcherServlet'
2023-02-15 11:13:39,713 INFO o.s.w.s.FrameworkServlet [http-nio-9099-exec-2] Completed initialization in 2 ms
2023-02-15 11:19:30,172 INFO o.s.b.StartupInfoLogger [main] Starting EmployifySearchApplication using Java 17.0.4.1 on KATARINA with PID 14844 (C:\Users\PC\Desktop\AgencijaZaZaposljavanje\EmployifySearch\EmployifySearchBack\target\classes started by PC in C:\Users\PC\Desktop\AgencijaZaZaposljavanje\EmployifySearch\EmployifySearchBack)
2023-02-15 11:19:30,198 INFO o.s.b.SpringApplication [main] No active profile set, falling back to default profiles: default
2023-02-15 11:19:31,199 INFO o.s.d.r.c.RepositoryConfigurationDelegate [main] Bootstrapping Spring Data Elasticsearch repositories in DEFAULT mode.
2023-02-15 11:19:31,298 INFO o.s.d.r.c.RepositoryConfigurationDelegate [main] Finished Spring Data repository scanning in 85 ms. Found 1 Elasticsearch repository interfaces.
2023-02-15 11:19:31,620 INFO o.s.d.r.c.RepositoryConfigurationDelegate [main] Bootstrapping Spring Data Reactive Elasticsearch repositories in DEFAULT mode.
2023-02-15 11:19:31,635 INFO o.s.d.r.c.RepositoryConfigurationDelegate [main] Finished Spring Data repository scanning in 14 ms. Found 0 Reactive Elasticsearch repository interfaces.
2023-02-15 11:19:32,475 INFO o.s.b.w.e.t.TomcatWebServer [main] Tomcat initialized with port(s): 9099 (http)
2023-02-15 11:19:32,510 INFO o.a.j.l.DirectJDKLog [main] Initializing ProtocolHandler ["http-nio-9099"]
2023-02-15 11:19:32,511 INFO o.a.j.l.DirectJDKLog [main] Starting service [Tomcat]
2023-02-15 11:19:32,513 INFO o.a.j.l.DirectJDKLog [main] Starting Servlet engine: [Apache Tomcat/9.0.56]
2023-02-15 11:19:32,753 INFO o.a.j.l.DirectJDKLog [main] Initializing Spring embedded WebApplicationContext
2023-02-15 11:19:32,754 INFO o.s.b.w.s.c.ServletWebServerApplicationContext [main] Root WebApplicationContext: initialization completed in 2447 ms
2023-02-15 11:19:34,811 INFO o.a.j.l.DirectJDKLog [main] Starting ProtocolHandler ["http-nio-9099"]
2023-02-15 11:19:34,832 INFO o.s.b.w.e.t.TomcatWebServer [main] Tomcat started on port(s): 9099 (http) with context path ''
2023-02-15 11:19:34,846 INFO o.s.b.StartupInfoLogger [main] Started EmployifySearchApplication in 5.843 seconds (JVM running for 8.042)
2023-02-15 11:19:45,444 INFO o.a.j.l.DirectJDKLog [http-nio-9099-exec-2] Initializing Spring DispatcherServlet 'dispatcherServlet'
2023-02-15 11:19:45,444 INFO o.s.w.s.FrameworkServlet [http-nio-9099-exec-2] Initializing Servlet 'dispatcherServlet'
2023-02-15 11:19:45,446 INFO o.s.w.s.FrameworkServlet [http-nio-9099-exec-2] Completed initialization in 2 ms
2023-02-15 11:20:23,490 INFO o.s.b.StartupInfoLogger [main] Starting EmployifySearchApplication using Java 17.0.4.1 on KATARINA with PID 15376 (C:\Users\PC\Desktop\AgencijaZaZaposljavanje\EmployifySearch\EmployifySearchBack\target\classes started by PC in C:\Users\PC\Desktop\AgencijaZaZaposljavanje\EmployifySearch\EmployifySearchBack)
2023-02-15 11:20:23,515 INFO o.s.b.SpringApplication [main] No active profile set, falling back to default profiles: default
2023-02-15 11:20:24,515 INFO o.s.d.r.c.RepositoryConfigurationDelegate [main] Bootstrapping Spring Data Elasticsearch repositories in DEFAULT mode.
2023-02-15 11:20:24,623 INFO o.s.d.r.c.RepositoryConfigurationDelegate [main] Finished Spring Data repository scanning in 96 ms. Found 1 Elasticsearch repository interfaces.
2023-02-15 11:20:24,937 INFO o.s.d.r.c.RepositoryConfigurationDelegate [main] Bootstrapping Spring Data Reactive Elasticsearch repositories in DEFAULT mode.
2023-02-15 11:20:24,970 INFO o.s.d.r.c.RepositoryConfigurationDelegate [main] Finished Spring Data repository scanning in 31 ms. Found 0 Reactive Elasticsearch repository interfaces.
2023-02-15 11:20:25,796 INFO o.s.b.w.e.t.TomcatWebServer [main] Tomcat initialized with port(s): 9099 (http)
2023-02-15 11:20:25,831 INFO o.a.j.l.DirectJDKLog [main] Initializing ProtocolHandler ["http-nio-9099"]
2023-02-15 11:20:25,833 INFO o.a.j.l.DirectJDKLog [main] Starting service [Tomcat]
2023-02-15 11:20:25,835 INFO o.a.j.l.DirectJDKLog [main] Starting Servlet engine: [Apache Tomcat/9.0.56]
2023-02-15 11:20:26,062 INFO o.a.j.l.DirectJDKLog [main] Initializing Spring embedded WebApplicationContext
2023-02-15 11:20:26,062 INFO o.s.b.w.s.c.ServletWebServerApplicationContext [main] Root WebApplicationContext: initialization completed in 2436 ms
2023-02-15 11:20:28,327 INFO o.a.j.l.DirectJDKLog [main] Starting ProtocolHandler ["http-nio-9099"]
2023-02-15 11:20:28,349 INFO o.s.b.w.e.t.TomcatWebServer [main] Tomcat started on port(s): 9099 (http) with context path ''
2023-02-15 11:20:28,363 INFO o.s.b.StartupInfoLogger [main] Started EmployifySearchApplication in 6.049 seconds (JVM running for 8.33)
2023-02-15 11:20:52,792 INFO o.a.j.l.DirectJDKLog [http-nio-9099-exec-2] Initializing Spring DispatcherServlet 'dispatcherServlet'
2023-02-15 11:20:52,792 INFO o.s.w.s.FrameworkServlet [http-nio-9099-exec-2] Initializing Servlet 'dispatcherServlet'
2023-02-15 11:20:52,794 INFO o.s.w.s.FrameworkServlet [http-nio-9099-exec-2] Completed initialization in 1 ms
2023-02-15 11:26:22,768 INFO c.e.c.IndexerController [http-nio-9099-exec-4] CITY=Nevesinje
2023-02-15 11:43:12,517 INFO o.s.b.StartupInfoLogger [main] Starting EmployifySearchApplication using Java 17.0.4.1 on KATARINA with PID 14800 (C:\Users\PC\Desktop\AgencijaZaZaposljavanje\EmployifySearch\EmployifySearchBack\target\classes started by PC in C:\Users\PC\Desktop\AgencijaZaZaposljavanje\EmployifySearch\EmployifySearchBack)
2023-02-15 11:43:12,547 INFO o.s.b.SpringApplication [main] No active profile set, falling back to default profiles: default
2023-02-15 11:43:13,671 INFO o.s.d.r.c.RepositoryConfigurationDelegate [main] Bootstrapping Spring Data Elasticsearch repositories in DEFAULT mode.
2023-02-15 11:43:13,781 INFO o.s.d.r.c.RepositoryConfigurationDelegate [main] Finished Spring Data repository scanning in 98 ms. Found 1 Elasticsearch repository interfaces.
2023-02-15 11:43:14,146 INFO o.s.d.r.c.RepositoryConfigurationDelegate [main] Bootstrapping Spring Data Reactive Elasticsearch repositories in DEFAULT mode.
2023-02-15 11:43:14,164 INFO o.s.d.r.c.RepositoryConfigurationDelegate [main] Finished Spring Data repository scanning in 17 ms. Found 0 Reactive Elasticsearch repository interfaces.
2023-02-15 11:43:15,266 INFO o.s.b.w.e.t.TomcatWebServer [main] Tomcat initialized with port(s): 9099 (http)
2023-02-15 11:43:15,314 INFO o.a.j.l.DirectJDKLog [main] Initializing ProtocolHandler ["http-nio-9099"]
2023-02-15 11:43:15,316 INFO o.a.j.l.DirectJDKLog [main] Starting service [Tomcat]
2023-02-15 11:43:15,317 INFO o.a.j.l.DirectJDKLog [main] Starting Servlet engine: [Apache Tomcat/9.0.56]
2023-02-15 11:43:15,584 INFO o.a.j.l.DirectJDKLog [main] Initializing Spring embedded WebApplicationContext
2023-02-15 11:43:15,584 INFO o.s.b.w.s.c.ServletWebServerApplicationContext [main] Root WebApplicationContext: initialization completed in 2918 ms
2023-02-15 11:43:18,198 INFO o.a.j.l.DirectJDKLog [main] Starting ProtocolHandler ["http-nio-9099"]
2023-02-15 11:43:18,240 INFO o.s.b.w.e.t.TomcatWebServer [main] Tomcat started on port(s): 9099 (http) with context path ''
2023-02-15 11:43:18,276 INFO o.s.b.StartupInfoLogger [main] Started EmployifySearchApplication in 7.134 seconds (JVM running for 9.874)
2023-02-15 11:44:05,602 INFO o.a.j.l.DirectJDKLog [http-nio-9099-exec-1] Initializing Spring DispatcherServlet 'dispatcherServlet'
2023-02-15 11:44:05,603 INFO o.s.w.s.FrameworkServlet [http-nio-9099-exec-1] Initializing Servlet 'dispatcherServlet'
2023-02-15 11:44:05,604 INFO o.s.w.s.FrameworkServlet [http-nio-9099-exec-1] Completed initialization in 1 ms
2023-02-15 11:48:32,298 INFO c.e.c.IndexerController [http-nio-9099-exec-1] CITY=Nevesinje
2023-02-15 11:49:48,159 INFO o.s.b.StartupInfoLogger [main] Starting EmployifySearchApplication using Java 17.0.4.1 on KATARINA with PID 8436 (C:\Users\PC\Desktop\AgencijaZaZaposljavanje\EmployifySearch\EmployifySearchBack\target\classes started by PC in C:\Users\PC\Desktop\AgencijaZaZaposljavanje\EmployifySearch\EmployifySearchBack)
2023-02-15 11:49:48,188 INFO o.s.b.SpringApplication [main] No active profile set, falling back to default profiles: default
2023-02-15 11:49:49,391 INFO o.s.d.r.c.RepositoryConfigurationDelegate [main] Bootstrapping Spring Data Elasticsearch repositories in DEFAULT mode.
2023-02-15 11:49:49,504 INFO o.s.d.r.c.RepositoryConfigurationDelegate [main] Finished Spring Data repository scanning in 97 ms. Found 1 Elasticsearch repository interfaces.
2023-02-15 11:49:49,875 INFO o.s.d.r.c.RepositoryConfigurationDelegate [main] Bootstrapping Spring Data Reactive Elasticsearch repositories in DEFAULT mode.
2023-02-15 11:49:49,893 INFO o.s.d.r.c.RepositoryConfigurationDelegate [main] Finished Spring Data repository scanning in 17 ms. Found 0 Reactive Elasticsearch repository interfaces.
2023-02-15 11:49:50,959 INFO o.s.b.w.e.t.TomcatWebServer [main] Tomcat initialized with port(s): 9099 (http)
2023-02-15 11:49:51,004 INFO o.a.j.l.DirectJDKLog [main] Initializing ProtocolHandler ["http-nio-9099"]
2023-02-15 11:49:51,006 INFO o.a.j.l.DirectJDKLog [main] Starting service [Tomcat]
2023-02-15 11:49:51,007 INFO o.a.j.l.DirectJDKLog [main] Starting Servlet engine: [Apache Tomcat/9.0.56]
2023-02-15 11:49:51,296 INFO o.a.j.l.DirectJDKLog [main] Initializing Spring embedded WebApplicationContext
2023-02-15 11:49:51,297 INFO o.s.b.w.s.c.ServletWebServerApplicationContext [main] Root WebApplicationContext: initialization completed in 2974 ms
2023-02-15 11:49:54,010 INFO o.a.j.l.DirectJDKLog [main] Starting ProtocolHandler ["http-nio-9099"]
2023-02-15 11:49:54,034 INFO o.s.b.w.e.t.TomcatWebServer [main] Tomcat started on port(s): 9099 (http) with context path ''
2023-02-15 11:49:54,050 INFO o.s.b.StartupInfoLogger [main] Started EmployifySearchApplication in 7.261 seconds (JVM running for 10.035)
2023-02-15 11:50:18,086 INFO o.a.j.l.DirectJDKLog [http-nio-9099-exec-1] Initializing Spring DispatcherServlet 'dispatcherServlet'
2023-02-15 11:50:18,087 INFO o.s.w.s.FrameworkServlet [http-nio-9099-exec-1] Initializing Servlet 'dispatcherServlet'
2023-02-15 11:50:18,088 INFO o.s.w.s.FrameworkServlet [http-nio-9099-exec-1] Completed initialization in 1 ms
2023-02-15 11:51:00,123 INFO c.e.c.IndexerController [http-nio-9099-exec-1] CITY=Nevesinje
2023-02-15 11:52:05,393 INFO o.s.b.StartupInfoLogger [main] Starting EmployifySearchApplication using Java 17.0.4.1 on KATARINA with PID 7712 (C:\Users\PC\Desktop\AgencijaZaZaposljavanje\EmployifySearch\EmployifySearchBack\target\classes started by PC in C:\Users\PC\Desktop\AgencijaZaZaposljavanje\EmployifySearch\EmployifySearchBack)
2023-02-15 11:52:05,421 INFO o.s.b.SpringApplication [main] No active profile set, falling back to default profiles: default
2023-02-15 11:52:06,576 INFO o.s.d.r.c.RepositoryConfigurationDelegate [main] Bootstrapping Spring Data Elasticsearch repositories in DEFAULT mode.
2023-02-15 11:52:06,697 INFO o.s.d.r.c.RepositoryConfigurationDelegate [main] Finished Spring Data repository scanning in 108 ms. Found 1 Elasticsearch repository interfaces.
2023-02-15 11:52:07,054 INFO o.s.d.r.c.RepositoryConfigurationDelegate [main] Bootstrapping Spring Data Reactive Elasticsearch repositories in DEFAULT mode.
2023-02-15 11:52:07,072 INFO o.s.d.r.c.RepositoryConfigurationDelegate [main] Finished Spring Data repository scanning in 16 ms. Found 0 Reactive Elasticsearch repository interfaces.
2023-02-15 11:52:08,169 INFO o.s.b.w.e.t.TomcatWebServer [main] Tomcat initialized with port(s): 9099 (http)
2023-02-15 11:52:08,214 INFO o.a.j.l.DirectJDKLog [main] Initializing ProtocolHandler ["http-nio-9099"]
2023-02-15 11:52:08,216 INFO o.a.j.l.DirectJDKLog [main] Starting service [Tomcat]
2023-02-15 11:52:08,218 INFO o.a.j.l.DirectJDKLog [main] Starting Servlet engine: [Apache Tomcat/9.0.56]
2023-02-15 11:52:08,480 INFO o.a.j.l.DirectJDKLog [main] Initializing Spring embedded WebApplicationContext
2023-02-15 11:52:08,481 INFO o.s.b.w.s.c.ServletWebServerApplicationContext [main] Root WebApplicationContext: initialization completed in 2936 ms
2023-02-15 11:52:11,193 INFO o.a.j.l.DirectJDKLog [main] Starting ProtocolHandler ["http-nio-9099"]
2023-02-15 11:52:11,219 INFO o.s.b.w.e.t.TomcatWebServer [main] Tomcat started on port(s): 9099 (http) with context path ''
2023-02-15 11:52:11,234 INFO o.s.b.StartupInfoLogger [main] Started EmployifySearchApplication in 7.266 seconds (JVM running for 10.089)
2023-02-15 11:52:29,575 INFO o.a.j.l.DirectJDKLog [http-nio-9099-exec-2] Initializing Spring DispatcherServlet 'dispatcherServlet'
2023-02-15 11:52:29,575 INFO o.s.w.s.FrameworkServlet [http-nio-9099-exec-2] Initializing Servlet 'dispatcherServlet'
2023-02-15 11:52:29,576 INFO o.s.w.s.FrameworkServlet [http-nio-9099-exec-2] Completed initialization in 1 ms
2023-02-15 11:52:50,152 INFO c.e.c.IndexerController [http-nio-9099-exec-2] CITY=Brooklyn
2023-02-15 11:56:55,702 INFO o.s.b.StartupInfoLogger [main] Starting EmployifySearchApplication using Java 17.0.4.1 on KATARINA with PID 8548 (C:\Users\PC\Desktop\AgencijaZaZaposljavanje\EmployifySearch\EmployifySearchBack\target\classes started by PC in C:\Users\PC\Desktop\AgencijaZaZaposljavanje\EmployifySearch\EmployifySearchBack)
2023-02-15 11:56:55,730 INFO o.s.b.SpringApplication [main] No active profile set, falling back to default profiles: default
2023-02-15 11:56:56,978 INFO o.s.d.r.c.RepositoryConfigurationDelegate [main] Bootstrapping Spring Data Elasticsearch repositories in DEFAULT mode.
2023-02-15 11:56:57,115 INFO o.s.d.r.c.RepositoryConfigurationDelegate [main] Finished Spring Data repository scanning in 119 ms. Found 1 Elasticsearch repository interfaces.
2023-02-15 11:56:57,524 INFO o.s.d.r.c.RepositoryConfigurationDelegate [main] Bootstrapping Spring Data Reactive Elasticsearch repositories in DEFAULT mode.
2023-02-15 11:56:57,541 INFO o.s.d.r.c.RepositoryConfigurationDelegate [main] Finished Spring Data repository scanning in 16 ms. Found 0 Reactive Elasticsearch repository interfaces.
2023-02-15 11:56:58,615 INFO o.s.b.w.e.t.TomcatWebServer [main] Tomcat initialized with port(s): 9099 (http)
2023-02-15 11:56:58,676 INFO o.a.j.l.DirectJDKLog [main] Initializing ProtocolHandler ["http-nio-9099"]
2023-02-15 11:56:58,678 INFO o.a.j.l.DirectJDKLog [main] Starting service [Tomcat]
2023-02-15 11:56:58,680 INFO o.a.j.l.DirectJDKLog [main] Starting Servlet engine: [Apache Tomcat/9.0.56]
2023-02-15 11:56:58,947 INFO o.a.j.l.DirectJDKLog [main] Initializing Spring embedded WebApplicationContext
2023-02-15 11:56:58,947 INFO o.s.b.w.s.c.ServletWebServerApplicationContext [main] Root WebApplicationContext: initialization completed in 3086 ms
2023-02-15 11:57:01,974 INFO o.a.j.l.DirectJDKLog [main] Starting ProtocolHandler ["http-nio-9099"]
2023-02-15 11:57:02,011 INFO o.s.b.w.e.t.TomcatWebServer [main] Tomcat started on port(s): 9099 (http) with context path ''
2023-02-15 11:57:02,033 INFO o.s.b.StartupInfoLogger [main] Started EmployifySearchApplication in 7.762 seconds (JVM running for 10.589)
2023-02-15 11:57:39,019 INFO o.s.b.StartupInfoLogger [main] Starting EmployifySearchApplication using Java 17.0.4.1 on KATARINA with PID 3052 (C:\Users\PC\Desktop\AgencijaZaZaposljavanje\EmployifySearch\EmployifySearchBack\target\classes started by PC in C:\Users\PC\Desktop\AgencijaZaZaposljavanje\EmployifySearch\EmployifySearchBack)
2023-02-15 11:57:39,049 INFO o.s.b.SpringApplication [main] No active profile set, falling back to default profiles: default
2023-02-15 11:57:40,187 INFO o.s.d.r.c.RepositoryConfigurationDelegate [main] Bootstrapping Spring Data Elasticsearch repositories in DEFAULT mode.
2023-02-15 11:57:40,319 INFO o.s.d.r.c.RepositoryConfigurationDelegate [main] Finished Spring Data repository scanning in 119 ms. Found 1 Elasticsearch repository interfaces.
2023-02-15 11:57:40,686 INFO o.s.d.r.c.RepositoryConfigurationDelegate [main] Bootstrapping Spring Data Reactive Elasticsearch repositories in DEFAULT mode.
2023-02-15 11:57:40,704 INFO o.s.d.r.c.RepositoryConfigurationDelegate [main] Finished Spring Data repository scanning in 16 ms. Found 0 Reactive Elasticsearch repository interfaces.
2023-02-15 11:57:41,743 INFO o.s.b.w.e.t.TomcatWebServer [main] Tomcat initialized with port(s): 9099 (http)
2023-02-15 11:57:41,810 INFO o.a.j.l.DirectJDKLog [main] Initializing ProtocolHandler ["http-nio-9099"]
2023-02-15 11:57:41,811 INFO o.a.j.l.DirectJDKLog [main] Starting service [Tomcat]
2023-02-15 11:57:41,813 INFO o.a.j.l.DirectJDKLog [main] Starting Servlet engine: [Apache Tomcat/9.0.56]
2023-02-15 11:57:42,062 INFO o.a.j.l.DirectJDKLog [main] Initializing Spring embedded WebApplicationContext
2023-02-15 11:57:42,063 INFO o.s.b.w.s.c.ServletWebServerApplicationContext [main] Root WebApplicationContext: initialization completed in 2886 ms
2023-02-15 11:57:44,673 INFO o.a.j.l.DirectJDKLog [main] Starting ProtocolHandler ["http-nio-9099"]
2023-02-15 11:57:44,697 INFO o.s.b.w.e.t.TomcatWebServer [main] Tomcat started on port(s): 9099 (http) with context path ''
2023-02-15 11:57:44,713 INFO o.s.b.StartupInfoLogger [main] Started EmployifySearchApplication in 7.087 seconds (JVM running for 9.828)
2023-02-15 11:57:59,273 INFO o.a.j.l.DirectJDKLog [http-nio-9099-exec-1] Initializing Spring DispatcherServlet 'dispatcherServlet'
2023-02-15 11:57:59,273 INFO o.s.w.s.FrameworkServlet [http-nio-9099-exec-1] Initializing Servlet 'dispatcherServlet'
2023-02-15 11:57:59,275 INFO o.s.w.s.FrameworkServlet [http-nio-9099-exec-1] Completed initialization in 2 ms
2023-02-15 11:59:46,885 INFO c.e.c.IndexerController [http-nio-9099-exec-1] CITY=Brooklyn
2023-02-15 11:59:46,922 WARN o.s.w.m.s.StandardServletMultipartResolver [http-nio-9099-exec-1] Failed to perform cleanup of multipart items
java.lang.NullPointerException: Cannot invoke "org.apache.catalina.Wrapper.getMultipartConfigElement()" because the return value of "org.apache.catalina.connector.Request.getWrapper()" is null
	at org.apache.catalina.connector.Request.parseParts(Request.java:2857) ~[tomcat-embed-core-9.0.56.jar:9.0.56]
	at org.apache.catalina.connector.Request.getParts(Request.java:2834) ~[tomcat-embed-core-9.0.56.jar:9.0.56]
	at org.apache.catalina.connector.RequestFacade.getParts(RequestFacade.java:1098) ~[tomcat-embed-core-9.0.56.jar:9.0.56]
	at javax.servlet.http.HttpServletRequestWrapper.getParts(HttpServletRequestWrapper.java:361) ~[tomcat-embed-core-9.0.56.jar:4.0.FR]
	at org.springframework.web.multipart.support.StandardServletMultipartResolver.cleanupMultipart(StandardServletMultipartResolver.java:132) [spring-web-5.3.15.jar:5.3.15]
	at org.springframework.web.servlet.DispatcherServlet.cleanupMultipart(DispatcherServlet.java:1246) [spring-webmvc-5.3.15.jar:5.3.15]
	at org.springframework.web.servlet.DispatcherServlet.doDispatch(DispatcherServlet.java:1103) [spring-webmvc-5.3.15.jar:5.3.15]
	at org.springframework.web.servlet.DispatcherServlet.doService(DispatcherServlet.java:963) [spring-webmvc-5.3.15.jar:5.3.15]
	at org.springframework.web.servlet.FrameworkServlet.processRequest(FrameworkServlet.java:1006) [spring-webmvc-5.3.15.jar:5.3.15]
	at org.springframework.web.servlet.FrameworkServlet.doPost(FrameworkServlet.java:909) [spring-webmvc-5.3.15.jar:5.3.15]
	at javax.servlet.http.HttpServlet.service(HttpServlet.java:681) [tomcat-embed-core-9.0.56.jar:4.0.FR]
	at org.springframework.web.servlet.FrameworkServlet.service(FrameworkServlet.java:883) [spring-webmvc-5.3.15.jar:5.3.15]
	at javax.servlet.http.HttpServlet.service(HttpServlet.java:764) [tomcat-embed-core-9.0.56.jar:4.0.FR]
	at org.apache.catalina.core.ApplicationFilterChain.internalDoFilter(ApplicationFilterChain.java:227) [tomcat-embed-core-9.0.56.jar:9.0.56]
	at org.apache.catalina.core.ApplicationFilterChain.doFilter(ApplicationFilterChain.java:162) [tomcat-embed-core-9.0.56.jar:9.0.56]
	at org.apache.tomcat.websocket.server.WsFilter.doFilter(WsFilter.java:53) [tomcat-embed-websocket-9.0.56.jar:9.0.56]
	at org.apache.catalina.core.ApplicationFilterChain.internalDoFilter(ApplicationFilterChain.java:189) [tomcat-embed-core-9.0.56.jar:9.0.56]
	at org.apache.catalina.core.ApplicationFilterChain.doFilter(ApplicationFilterChain.java:162) [tomcat-embed-core-9.0.56.jar:9.0.56]
	at org.springframework.web.filter.RequestContextFilter.doFilterInternal(RequestContextFilter.java:100) [spring-web-5.3.15.jar:5.3.15]
	at org.springframework.web.filter.OncePerRequestFilter.doFilter(OncePerRequestFilter.java:117) [spring-web-5.3.15.jar:5.3.15]
	at org.apache.catalina.core.ApplicationFilterChain.internalDoFilter(ApplicationFilterChain.java:189) [tomcat-embed-core-9.0.56.jar:9.0.56]
	at org.apache.catalina.core.ApplicationFilterChain.doFilter(ApplicationFilterChain.java:162) [tomcat-embed-core-9.0.56.jar:9.0.56]
	at org.springframework.web.filter.FormContentFilter.doFilterInternal(FormContentFilter.java:93) [spring-web-5.3.15.jar:5.3.15]
	at org.springframework.web.filter.OncePerRequestFilter.doFilter(OncePerRequestFilter.java:117) [spring-web-5.3.15.jar:5.3.15]
	at org.apache.catalina.core.ApplicationFilterChain.internalDoFilter(ApplicationFilterChain.java:189) [tomcat-embed-core-9.0.56.jar:9.0.56]
	at org.apache.catalina.core.ApplicationFilterChain.doFilter(ApplicationFilterChain.java:162) [tomcat-embed-core-9.0.56.jar:9.0.56]
	at org.springframework.web.filter.CharacterEncodingFilter.doFilterInternal(CharacterEncodingFilter.java:201) [spring-web-5.3.15.jar:5.3.15]
	at org.springframework.web.filter.OncePerRequestFilter.doFilter(OncePerRequestFilter.java:117) [spring-web-5.3.15.jar:5.3.15]
	at org.apache.catalina.core.ApplicationFilterChain.internalDoFilter(ApplicationFilterChain.java:189) [tomcat-embed-core-9.0.56.jar:9.0.56]
	at org.apache.catalina.core.ApplicationFilterChain.doFilter(ApplicationFilterChain.java:162) [tomcat-embed-core-9.0.56.jar:9.0.56]
	at org.apache.catalina.core.StandardWrapperValve.invoke(StandardWrapperValve.java:197) [tomcat-embed-core-9.0.56.jar:9.0.56]
	at org.apache.catalina.core.StandardContextValve.invoke(StandardContextValve.java:97) [tomcat-embed-core-9.0.56.jar:9.0.56]
	at org.apache.catalina.authenticator.AuthenticatorBase.invoke(AuthenticatorBase.java:540) [tomcat-embed-core-9.0.56.jar:9.0.56]
	at org.apache.catalina.core.StandardHostValve.invoke(StandardHostValve.java:135) [tomcat-embed-core-9.0.56.jar:9.0.56]
	at org.apache.catalina.valves.ErrorReportValve.invoke(ErrorReportValve.java:92) [tomcat-embed-core-9.0.56.jar:9.0.56]
	at org.apache.catalina.core.StandardEngineValve.invoke(StandardEngineValve.java:78) [tomcat-embed-core-9.0.56.jar:9.0.56]
	at org.apache.catalina.connector.CoyoteAdapter.service(CoyoteAdapter.java:357) [tomcat-embed-core-9.0.56.jar:9.0.56]
	at org.apache.coyote.http11.Http11Processor.service(Http11Processor.java:382) [tomcat-embed-core-9.0.56.jar:9.0.56]
	at org.apache.coyote.AbstractProcessorLight.process(AbstractProcessorLight.java:65) [tomcat-embed-core-9.0.56.jar:9.0.56]
	at org.apache.coyote.AbstractProtocol$ConnectionHandler.process(AbstractProtocol.java:895) [tomcat-embed-core-9.0.56.jar:9.0.56]
	at org.apache.tomcat.util.net.NioEndpoint$SocketProcessor.doRun(NioEndpoint.java:1732) [tomcat-embed-core-9.0.56.jar:9.0.56]
	at org.apache.tomcat.util.net.SocketProcessorBase.run(SocketProcessorBase.java:49) [tomcat-embed-core-9.0.56.jar:9.0.56]
	at org.apache.tomcat.util.threads.ThreadPoolExecutor.runWorker(ThreadPoolExecutor.java:1191) [tomcat-embed-core-9.0.56.jar:9.0.56]
	at org.apache.tomcat.util.threads.ThreadPoolExecutor$Worker.run(ThreadPoolExecutor.java:659) [tomcat-embed-core-9.0.56.jar:9.0.56]
	at org.apache.tomcat.util.threads.TaskThread$WrappingRunnable.run(TaskThread.java:61) [tomcat-embed-core-9.0.56.jar:9.0.56]
	at java.lang.Thread.run(Thread.java:833) [?:?]
2023-02-15 12:00:00,940 INFO o.s.b.StartupInfoLogger [main] Starting EmployifySearchApplication using Java 17.0.4.1 on KATARINA with PID 10004 (C:\Users\PC\Desktop\AgencijaZaZaposljavanje\EmployifySearch\EmployifySearchBack\target\classes started by PC in C:\Users\PC\Desktop\AgencijaZaZaposljavanje\EmployifySearch\EmployifySearchBack)
2023-02-15 12:00:00,968 INFO o.s.b.SpringApplication [main] No active profile set, falling back to default profiles: default
2023-02-15 12:00:02,111 INFO o.s.d.r.c.RepositoryConfigurationDelegate [main] Bootstrapping Spring Data Elasticsearch repositories in DEFAULT mode.
2023-02-15 12:00:02,228 INFO o.s.d.r.c.RepositoryConfigurationDelegate [main] Finished Spring Data repository scanning in 102 ms. Found 1 Elasticsearch repository interfaces.
2023-02-15 12:00:02,584 INFO o.s.d.r.c.RepositoryConfigurationDelegate [main] Bootstrapping Spring Data Reactive Elasticsearch repositories in DEFAULT mode.
2023-02-15 12:00:02,602 INFO o.s.d.r.c.RepositoryConfigurationDelegate [main] Finished Spring Data repository scanning in 17 ms. Found 0 Reactive Elasticsearch repository interfaces.
2023-02-15 12:00:03,706 INFO o.s.b.w.e.t.TomcatWebServer [main] Tomcat initialized with port(s): 9099 (http)
2023-02-15 12:00:03,752 INFO o.a.j.l.DirectJDKLog [main] Initializing ProtocolHandler ["http-nio-9099"]
2023-02-15 12:00:03,753 INFO o.a.j.l.DirectJDKLog [main] Starting service [Tomcat]
2023-02-15 12:00:03,755 INFO o.a.j.l.DirectJDKLog [main] Starting Servlet engine: [Apache Tomcat/9.0.56]
2023-02-15 12:00:04,028 INFO o.a.j.l.DirectJDKLog [main] Initializing Spring embedded WebApplicationContext
2023-02-15 12:00:04,029 INFO o.s.b.w.s.c.ServletWebServerApplicationContext [main] Root WebApplicationContext: initialization completed in 2942 ms
2023-02-15 12:00:07,050 INFO o.a.j.l.DirectJDKLog [main] Starting ProtocolHandler ["http-nio-9099"]
2023-02-15 12:00:07,074 INFO o.s.b.w.e.t.TomcatWebServer [main] Tomcat started on port(s): 9099 (http) with context path ''
2023-02-15 12:00:07,095 INFO o.s.b.StartupInfoLogger [main] Started EmployifySearchApplication in 7.528 seconds (JVM running for 10.063)
2023-02-15 12:00:36,709 INFO o.a.j.l.DirectJDKLog [http-nio-9099-exec-1] Initializing Spring DispatcherServlet 'dispatcherServlet'
2023-02-15 12:00:36,710 INFO o.s.w.s.FrameworkServlet [http-nio-9099-exec-1] Initializing Servlet 'dispatcherServlet'
2023-02-15 12:00:36,712 INFO o.s.w.s.FrameworkServlet [http-nio-9099-exec-1] Completed initialization in 2 ms
2023-02-15 12:06:01,977 INFO c.e.c.IndexerController [http-nio-9099-exec-1] CITY=Brooklyn
2023-02-15 12:06:02,001 WARN o.s.w.m.s.StandardServletMultipartResolver [http-nio-9099-exec-1] Failed to perform cleanup of multipart items
java.lang.NullPointerException: Cannot invoke "org.apache.catalina.Wrapper.getMultipartConfigElement()" because the return value of "org.apache.catalina.connector.Request.getWrapper()" is null
	at org.apache.catalina.connector.Request.parseParts(Request.java:2857) ~[tomcat-embed-core-9.0.56.jar:9.0.56]
	at org.apache.catalina.connector.Request.getParts(Request.java:2834) ~[tomcat-embed-core-9.0.56.jar:9.0.56]
	at org.apache.catalina.connector.RequestFacade.getParts(RequestFacade.java:1098) ~[tomcat-embed-core-9.0.56.jar:9.0.56]
	at javax.servlet.http.HttpServletRequestWrapper.getParts(HttpServletRequestWrapper.java:361) ~[tomcat-embed-core-9.0.56.jar:4.0.FR]
	at org.springframework.web.multipart.support.StandardServletMultipartResolver.cleanupMultipart(StandardServletMultipartResolver.java:132) [spring-web-5.3.15.jar:5.3.15]
	at org.springframework.web.servlet.DispatcherServlet.cleanupMultipart(DispatcherServlet.java:1246) [spring-webmvc-5.3.15.jar:5.3.15]
	at org.springframework.web.servlet.DispatcherServlet.doDispatch(DispatcherServlet.java:1103) [spring-webmvc-5.3.15.jar:5.3.15]
	at org.springframework.web.servlet.DispatcherServlet.doService(DispatcherServlet.java:963) [spring-webmvc-5.3.15.jar:5.3.15]
	at org.springframework.web.servlet.FrameworkServlet.processRequest(FrameworkServlet.java:1006) [spring-webmvc-5.3.15.jar:5.3.15]
	at org.springframework.web.servlet.FrameworkServlet.doPost(FrameworkServlet.java:909) [spring-webmvc-5.3.15.jar:5.3.15]
	at javax.servlet.http.HttpServlet.service(HttpServlet.java:681) [tomcat-embed-core-9.0.56.jar:4.0.FR]
	at org.springframework.web.servlet.FrameworkServlet.service(FrameworkServlet.java:883) [spring-webmvc-5.3.15.jar:5.3.15]
	at javax.servlet.http.HttpServlet.service(HttpServlet.java:764) [tomcat-embed-core-9.0.56.jar:4.0.FR]
	at org.apache.catalina.core.ApplicationFilterChain.internalDoFilter(ApplicationFilterChain.java:227) [tomcat-embed-core-9.0.56.jar:9.0.56]
	at org.apache.catalina.core.ApplicationFilterChain.doFilter(ApplicationFilterChain.java:162) [tomcat-embed-core-9.0.56.jar:9.0.56]
	at org.apache.tomcat.websocket.server.WsFilter.doFilter(WsFilter.java:53) [tomcat-embed-websocket-9.0.56.jar:9.0.56]
	at org.apache.catalina.core.ApplicationFilterChain.internalDoFilter(ApplicationFilterChain.java:189) [tomcat-embed-core-9.0.56.jar:9.0.56]
	at org.apache.catalina.core.ApplicationFilterChain.doFilter(ApplicationFilterChain.java:162) [tomcat-embed-core-9.0.56.jar:9.0.56]
	at org.springframework.web.filter.RequestContextFilter.doFilterInternal(RequestContextFilter.java:100) [spring-web-5.3.15.jar:5.3.15]
	at org.springframework.web.filter.OncePerRequestFilter.doFilter(OncePerRequestFilter.java:117) [spring-web-5.3.15.jar:5.3.15]
	at org.apache.catalina.core.ApplicationFilterChain.internalDoFilter(ApplicationFilterChain.java:189) [tomcat-embed-core-9.0.56.jar:9.0.56]
	at org.apache.catalina.core.ApplicationFilterChain.doFilter(ApplicationFilterChain.java:162) [tomcat-embed-core-9.0.56.jar:9.0.56]
	at org.springframework.web.filter.FormContentFilter.doFilterInternal(FormContentFilter.java:93) [spring-web-5.3.15.jar:5.3.15]
	at org.springframework.web.filter.OncePerRequestFilter.doFilter(OncePerRequestFilter.java:117) [spring-web-5.3.15.jar:5.3.15]
	at org.apache.catalina.core.ApplicationFilterChain.internalDoFilter(ApplicationFilterChain.java:189) [tomcat-embed-core-9.0.56.jar:9.0.56]
	at org.apache.catalina.core.ApplicationFilterChain.doFilter(ApplicationFilterChain.java:162) [tomcat-embed-core-9.0.56.jar:9.0.56]
	at org.springframework.web.filter.CharacterEncodingFilter.doFilterInternal(CharacterEncodingFilter.java:201) [spring-web-5.3.15.jar:5.3.15]
	at org.springframework.web.filter.OncePerRequestFilter.doFilter(OncePerRequestFilter.java:117) [spring-web-5.3.15.jar:5.3.15]
	at org.apache.catalina.core.ApplicationFilterChain.internalDoFilter(ApplicationFilterChain.java:189) [tomcat-embed-core-9.0.56.jar:9.0.56]
	at org.apache.catalina.core.ApplicationFilterChain.doFilter(ApplicationFilterChain.java:162) [tomcat-embed-core-9.0.56.jar:9.0.56]
	at org.apache.catalina.core.StandardWrapperValve.invoke(StandardWrapperValve.java:197) [tomcat-embed-core-9.0.56.jar:9.0.56]
	at org.apache.catalina.core.StandardContextValve.invoke(StandardContextValve.java:97) [tomcat-embed-core-9.0.56.jar:9.0.56]
	at org.apache.catalina.authenticator.AuthenticatorBase.invoke(AuthenticatorBase.java:540) [tomcat-embed-core-9.0.56.jar:9.0.56]
	at org.apache.catalina.core.StandardHostValve.invoke(StandardHostValve.java:135) [tomcat-embed-core-9.0.56.jar:9.0.56]
	at org.apache.catalina.valves.ErrorReportValve.invoke(ErrorReportValve.java:92) [tomcat-embed-core-9.0.56.jar:9.0.56]
	at org.apache.catalina.core.StandardEngineValve.invoke(StandardEngineValve.java:78) [tomcat-embed-core-9.0.56.jar:9.0.56]
	at org.apache.catalina.connector.CoyoteAdapter.service(CoyoteAdapter.java:357) [tomcat-embed-core-9.0.56.jar:9.0.56]
	at org.apache.coyote.http11.Http11Processor.service(Http11Processor.java:382) [tomcat-embed-core-9.0.56.jar:9.0.56]
	at org.apache.coyote.AbstractProcessorLight.process(AbstractProcessorLight.java:65) [tomcat-embed-core-9.0.56.jar:9.0.56]
	at org.apache.coyote.AbstractProtocol$ConnectionHandler.process(AbstractProtocol.java:895) [tomcat-embed-core-9.0.56.jar:9.0.56]
	at org.apache.tomcat.util.net.NioEndpoint$SocketProcessor.doRun(NioEndpoint.java:1732) [tomcat-embed-core-9.0.56.jar:9.0.56]
	at org.apache.tomcat.util.net.SocketProcessorBase.run(SocketProcessorBase.java:49) [tomcat-embed-core-9.0.56.jar:9.0.56]
	at org.apache.tomcat.util.threads.ThreadPoolExecutor.runWorker(ThreadPoolExecutor.java:1191) [tomcat-embed-core-9.0.56.jar:9.0.56]
	at org.apache.tomcat.util.threads.ThreadPoolExecutor$Worker.run(ThreadPoolExecutor.java:659) [tomcat-embed-core-9.0.56.jar:9.0.56]
	at org.apache.tomcat.util.threads.TaskThread$WrappingRunnable.run(TaskThread.java:61) [tomcat-embed-core-9.0.56.jar:9.0.56]
	at java.lang.Thread.run(Thread.java:833) [?:?]
2023-02-15 12:15:42,542 INFO o.s.b.StartupInfoLogger [main] Starting EmployifySearchApplication using Java 17.0.4.1 on KATARINA with PID 13588 (C:\Users\PC\Desktop\AgencijaZaZaposljavanje\EmployifySearch\EmployifySearchBack\target\classes started by PC in C:\Users\PC\Desktop\AgencijaZaZaposljavanje\EmployifySearch\EmployifySearchBack)
2023-02-15 12:15:42,597 INFO o.s.b.SpringApplication [main] No active profile set, falling back to default profiles: default
2023-02-15 12:15:43,947 INFO o.s.d.r.c.RepositoryConfigurationDelegate [main] Bootstrapping Spring Data Elasticsearch repositories in DEFAULT mode.
2023-02-15 12:15:44,156 INFO o.s.d.r.c.RepositoryConfigurationDelegate [main] Finished Spring Data repository scanning in 191 ms. Found 1 Elasticsearch repository interfaces.
2023-02-15 12:15:44,671 INFO o.s.d.r.c.RepositoryConfigurationDelegate [main] Bootstrapping Spring Data Reactive Elasticsearch repositories in DEFAULT mode.
2023-02-15 12:15:44,699 INFO o.s.d.r.c.RepositoryConfigurationDelegate [main] Finished Spring Data repository scanning in 23 ms. Found 0 Reactive Elasticsearch repository interfaces.
2023-02-15 12:15:46,571 INFO o.s.b.w.e.t.TomcatWebServer [main] Tomcat initialized with port(s): 9099 (http)
2023-02-15 12:15:46,631 INFO o.a.j.l.DirectJDKLog [main] Initializing ProtocolHandler ["http-nio-9099"]
2023-02-15 12:15:46,637 INFO o.a.j.l.DirectJDKLog [main] Starting service [Tomcat]
2023-02-15 12:15:46,640 INFO o.a.j.l.DirectJDKLog [main] Starting Servlet engine: [Apache Tomcat/9.0.56]
2023-02-15 12:15:47,026 INFO o.a.j.l.DirectJDKLog [main] Initializing Spring embedded WebApplicationContext
2023-02-15 12:15:47,027 INFO o.s.b.w.s.c.ServletWebServerApplicationContext [main] Root WebApplicationContext: initialization completed in 4288 ms
2023-02-15 12:15:55,727 INFO o.a.j.l.DirectJDKLog [main] Starting ProtocolHandler ["http-nio-9099"]
2023-02-15 12:15:55,794 INFO o.s.b.w.e.t.TomcatWebServer [main] Tomcat started on port(s): 9099 (http) with context path ''
2023-02-15 12:15:55,850 INFO o.s.b.StartupInfoLogger [main] Started EmployifySearchApplication in 15.136 seconds (JVM running for 18.162)
2023-02-15 12:17:27,460 INFO o.a.j.l.DirectJDKLog [http-nio-9099-exec-1] Initializing Spring DispatcherServlet 'dispatcherServlet'
2023-02-15 12:17:27,461 INFO o.s.w.s.FrameworkServlet [http-nio-9099-exec-1] Initializing Servlet 'dispatcherServlet'
2023-02-15 12:17:27,464 INFO o.s.w.s.FrameworkServlet [http-nio-9099-exec-1] Completed initialization in 2 ms
2023-02-15 12:17:55,647 INFO c.e.c.IndexerController [http-nio-9099-exec-2] CITY=Nevesinje
2023-02-15 12:18:36,518 INFO o.s.b.StartupInfoLogger [main] Starting EmployifySearchApplication using Java 17.0.4.1 on KATARINA with PID 16320 (C:\Users\PC\Desktop\AgencijaZaZaposljavanje\EmployifySearch\EmployifySearchBack\target\classes started by PC in C:\Users\PC\Desktop\AgencijaZaZaposljavanje\EmployifySearch\EmployifySearchBack)
2023-02-15 12:18:36,559 INFO o.s.b.SpringApplication [main] No active profile set, falling back to default profiles: default
2023-02-15 12:18:37,829 INFO o.s.d.r.c.RepositoryConfigurationDelegate [main] Bootstrapping Spring Data Elasticsearch repositories in DEFAULT mode.
2023-02-15 12:18:37,972 INFO o.s.d.r.c.RepositoryConfigurationDelegate [main] Finished Spring Data repository scanning in 130 ms. Found 1 Elasticsearch repository interfaces.
2023-02-15 12:18:38,521 INFO o.s.d.r.c.RepositoryConfigurationDelegate [main] Bootstrapping Spring Data Reactive Elasticsearch repositories in DEFAULT mode.
2023-02-15 12:18:38,549 INFO o.s.d.r.c.RepositoryConfigurationDelegate [main] Finished Spring Data repository scanning in 26 ms. Found 0 Reactive Elasticsearch repository interfaces.
2023-02-15 12:18:39,567 INFO o.s.b.w.e.t.TomcatWebServer [main] Tomcat initialized with port(s): 9099 (http)
2023-02-15 12:18:39,612 INFO o.a.j.l.DirectJDKLog [main] Initializing ProtocolHandler ["http-nio-9099"]
2023-02-15 12:18:39,614 INFO o.a.j.l.DirectJDKLog [main] Starting service [Tomcat]
2023-02-15 12:18:39,615 INFO o.a.j.l.DirectJDKLog [main] Starting Servlet engine: [Apache Tomcat/9.0.56]
2023-02-15 12:18:39,872 INFO o.a.j.l.DirectJDKLog [main] Initializing Spring embedded WebApplicationContext
2023-02-15 12:18:39,873 INFO o.s.b.w.s.c.ServletWebServerApplicationContext [main] Root WebApplicationContext: initialization completed in 3190 ms
2023-02-15 12:18:42,811 INFO o.a.j.l.DirectJDKLog [main] Starting ProtocolHandler ["http-nio-9099"]
2023-02-15 12:18:42,841 INFO o.s.b.w.e.t.TomcatWebServer [main] Tomcat started on port(s): 9099 (http) with context path ''
2023-02-15 12:18:42,864 INFO o.s.b.StartupInfoLogger [main] Started EmployifySearchApplication in 7.819 seconds (JVM running for 10.345)
2023-02-15 12:20:52,600 INFO o.a.j.l.DirectJDKLog [http-nio-9099-exec-1] Initializing Spring DispatcherServlet 'dispatcherServlet'
2023-02-15 12:20:52,601 INFO o.s.w.s.FrameworkServlet [http-nio-9099-exec-1] Initializing Servlet 'dispatcherServlet'
2023-02-15 12:20:52,614 INFO o.s.w.s.FrameworkServlet [http-nio-9099-exec-1] Completed initialization in 12 ms
2023-02-15 12:25:33,134 INFO o.s.b.StartupInfoLogger [main] Starting EmployifySearchApplication using Java 17.0.4.1 on KATARINA with PID 252 (C:\Users\PC\Desktop\AgencijaZaZaposljavanje\EmployifySearch\EmployifySearchBack\target\classes started by PC in C:\Users\PC\Desktop\AgencijaZaZaposljavanje\EmployifySearch\EmployifySearchBack)
2023-02-15 12:25:33,163 INFO o.s.b.SpringApplication [main] No active profile set, falling back to default profiles: default
2023-02-15 12:25:34,291 INFO o.s.d.r.c.RepositoryConfigurationDelegate [main] Bootstrapping Spring Data Elasticsearch repositories in DEFAULT mode.
2023-02-15 12:25:34,405 INFO o.s.d.r.c.RepositoryConfigurationDelegate [main] Finished Spring Data repository scanning in 99 ms. Found 1 Elasticsearch repository interfaces.
2023-02-15 12:25:34,778 INFO o.s.d.r.c.RepositoryConfigurationDelegate [main] Bootstrapping Spring Data Reactive Elasticsearch repositories in DEFAULT mode.
2023-02-15 12:25:34,798 INFO o.s.d.r.c.RepositoryConfigurationDelegate [main] Finished Spring Data repository scanning in 19 ms. Found 0 Reactive Elasticsearch repository interfaces.
2023-02-15 12:25:37,103 INFO o.s.b.w.e.t.TomcatWebServer [main] Tomcat initialized with port(s): 9099 (http)
2023-02-15 12:25:37,213 INFO o.a.j.l.DirectJDKLog [main] Initializing ProtocolHandler ["http-nio-9099"]
2023-02-15 12:25:37,214 INFO o.a.j.l.DirectJDKLog [main] Starting service [Tomcat]
2023-02-15 12:25:37,216 INFO o.a.j.l.DirectJDKLog [main] Starting Servlet engine: [Apache Tomcat/9.0.56]
2023-02-15 12:25:37,466 INFO o.a.j.l.DirectJDKLog [main] Initializing Spring embedded WebApplicationContext
2023-02-15 12:25:37,467 INFO o.s.b.w.s.c.ServletWebServerApplicationContext [main] Root WebApplicationContext: initialization completed in 4183 ms
2023-02-15 12:25:40,963 INFO o.a.j.l.DirectJDKLog [main] Starting ProtocolHandler ["http-nio-9099"]
2023-02-15 12:25:40,993 INFO o.s.b.w.e.t.TomcatWebServer [main] Tomcat started on port(s): 9099 (http) with context path ''
2023-02-15 12:25:41,011 INFO o.s.b.StartupInfoLogger [main] Started EmployifySearchApplication in 9.31 seconds (JVM running for 12.058)
2023-02-15 12:25:46,542 INFO o.a.j.l.DirectJDKLog [http-nio-9099-exec-2] Initializing Spring DispatcherServlet 'dispatcherServlet'
2023-02-15 12:25:46,542 INFO o.s.w.s.FrameworkServlet [http-nio-9099-exec-2] Initializing Servlet 'dispatcherServlet'
2023-02-15 12:25:46,544 INFO o.s.w.s.FrameworkServlet [http-nio-9099-exec-2] Completed initialization in 1 ms
2023-02-15 12:36:15,427 INFO o.s.b.StartupInfoLogger [main] Starting EmployifySearchApplication using Java 17.0.4.1 on KATARINA with PID 11004 (C:\Users\PC\Desktop\AgencijaZaZaposljavanje\EmployifySearch\EmployifySearchBack\target\classes started by PC in C:\Users\PC\Desktop\AgencijaZaZaposljavanje\EmployifySearch\EmployifySearchBack)
2023-02-15 12:36:15,462 INFO o.s.b.SpringApplication [main] No active profile set, falling back to default profiles: default
2023-02-15 12:36:16,468 INFO o.s.d.r.c.RepositoryConfigurationDelegate [main] Bootstrapping Spring Data Elasticsearch repositories in DEFAULT mode.
2023-02-15 12:36:16,584 INFO o.s.d.r.c.RepositoryConfigurationDelegate [main] Finished Spring Data repository scanning in 103 ms. Found 1 Elasticsearch repository interfaces.
2023-02-15 12:36:16,941 INFO o.s.d.r.c.RepositoryConfigurationDelegate [main] Bootstrapping Spring Data Reactive Elasticsearch repositories in DEFAULT mode.
2023-02-15 12:36:16,964 INFO o.s.d.r.c.RepositoryConfigurationDelegate [main] Finished Spring Data repository scanning in 17 ms. Found 0 Reactive Elasticsearch repository interfaces.
2023-02-15 12:36:17,863 INFO o.s.b.w.e.t.TomcatWebServer [main] Tomcat initialized with port(s): 9099 (http)
2023-02-15 12:36:17,899 INFO o.a.j.l.DirectJDKLog [main] Initializing ProtocolHandler ["http-nio-9099"]
2023-02-15 12:36:17,901 INFO o.a.j.l.DirectJDKLog [main] Starting service [Tomcat]
2023-02-15 12:36:17,901 INFO o.a.j.l.DirectJDKLog [main] Starting Servlet engine: [Apache Tomcat/9.0.56]
2023-02-15 12:36:18,131 INFO o.a.j.l.DirectJDKLog [main] Initializing Spring embedded WebApplicationContext
2023-02-15 12:36:18,131 INFO o.s.b.w.s.c.ServletWebServerApplicationContext [main] Root WebApplicationContext: initialization completed in 2561 ms
2023-02-15 12:36:20,541 INFO o.a.j.l.DirectJDKLog [main] Starting ProtocolHandler ["http-nio-9099"]
2023-02-15 12:36:20,564 INFO o.s.b.w.e.t.TomcatWebServer [main] Tomcat started on port(s): 9099 (http) with context path ''
2023-02-15 12:36:20,580 INFO o.s.b.StartupInfoLogger [main] Started EmployifySearchApplication in 6.34 seconds (JVM running for 9.098)
2023-02-15 12:36:45,396 INFO o.a.j.l.DirectJDKLog [http-nio-9099-exec-2] Initializing Spring DispatcherServlet 'dispatcherServlet'
2023-02-15 12:36:45,397 INFO o.s.w.s.FrameworkServlet [http-nio-9099-exec-2] Initializing Servlet 'dispatcherServlet'
2023-02-15 12:36:45,399 INFO o.s.w.s.FrameworkServlet [http-nio-9099-exec-2] Completed initialization in 1 ms
2023-02-15 12:46:17,305 INFO o.s.b.StartupInfoLogger [main] Starting EmployifySearchApplication using Java 17.0.4.1 on KATARINA with PID 2244 (C:\Users\PC\Desktop\AgencijaZaZaposljavanje\EmployifySearch\EmployifySearchBack\target\classes started by PC in C:\Users\PC\Desktop\AgencijaZaZaposljavanje\EmployifySearch\EmployifySearchBack)
2023-02-15 12:46:17,332 INFO o.s.b.SpringApplication [main] No active profile set, falling back to default profiles: default
2023-02-15 12:46:18,507 INFO o.s.d.r.c.RepositoryConfigurationDelegate [main] Bootstrapping Spring Data Elasticsearch repositories in DEFAULT mode.
2023-02-15 12:46:18,630 INFO o.s.d.r.c.RepositoryConfigurationDelegate [main] Finished Spring Data repository scanning in 109 ms. Found 1 Elasticsearch repository interfaces.
2023-02-15 12:46:19,043 INFO o.s.d.r.c.RepositoryConfigurationDelegate [main] Bootstrapping Spring Data Reactive Elasticsearch repositories in DEFAULT mode.
2023-02-15 12:46:19,067 INFO o.s.d.r.c.RepositoryConfigurationDelegate [main] Finished Spring Data repository scanning in 22 ms. Found 0 Reactive Elasticsearch repository interfaces.
2023-02-15 12:46:20,115 INFO o.s.b.w.e.t.TomcatWebServer [main] Tomcat initialized with port(s): 9099 (http)
2023-02-15 12:46:20,161 INFO o.a.j.l.DirectJDKLog [main] Initializing ProtocolHandler ["http-nio-9099"]
2023-02-15 12:46:20,162 INFO o.a.j.l.DirectJDKLog [main] Starting service [Tomcat]
2023-02-15 12:46:20,164 INFO o.a.j.l.DirectJDKLog [main] Starting Servlet engine: [Apache Tomcat/9.0.56]
2023-02-15 12:46:20,428 INFO o.a.j.l.DirectJDKLog [main] Initializing Spring embedded WebApplicationContext
2023-02-15 12:46:20,429 INFO o.s.b.w.s.c.ServletWebServerApplicationContext [main] Root WebApplicationContext: initialization completed in 2969 ms
2023-02-15 12:46:23,006 INFO o.a.j.l.DirectJDKLog [main] Starting ProtocolHandler ["http-nio-9099"]
2023-02-15 12:46:23,031 INFO o.s.b.w.e.t.TomcatWebServer [main] Tomcat started on port(s): 9099 (http) with context path ''
2023-02-15 12:46:23,046 INFO o.s.b.StartupInfoLogger [main] Started EmployifySearchApplication in 7.027 seconds (JVM running for 9.668)
2023-02-15 12:46:37,188 INFO o.a.j.l.DirectJDKLog [http-nio-9099-exec-2] Initializing Spring DispatcherServlet 'dispatcherServlet'
2023-02-15 12:46:37,189 INFO o.s.w.s.FrameworkServlet [http-nio-9099-exec-2] Initializing Servlet 'dispatcherServlet'
2023-02-15 12:46:37,190 INFO o.s.w.s.FrameworkServlet [http-nio-9099-exec-2] Completed initialization in 1 ms
2023-02-15 12:48:05,748 INFO o.s.b.StartupInfoLogger [main] Starting EmployifySearchApplication using Java 17.0.4.1 on KATARINA with PID 9820 (C:\Users\PC\Desktop\AgencijaZaZaposljavanje\EmployifySearch\EmployifySearchBack\target\classes started by PC in C:\Users\PC\Desktop\AgencijaZaZaposljavanje\EmployifySearch\EmployifySearchBack)
2023-02-15 12:48:05,778 INFO o.s.b.SpringApplication [main] No active profile set, falling back to default profiles: default
2023-02-15 12:48:06,902 INFO o.s.d.r.c.RepositoryConfigurationDelegate [main] Bootstrapping Spring Data Elasticsearch repositories in DEFAULT mode.
2023-02-15 12:48:07,010 INFO o.s.d.r.c.RepositoryConfigurationDelegate [main] Finished Spring Data repository scanning in 94 ms. Found 1 Elasticsearch repository interfaces.
2023-02-15 12:48:07,449 INFO o.s.d.r.c.RepositoryConfigurationDelegate [main] Bootstrapping Spring Data Reactive Elasticsearch repositories in DEFAULT mode.
2023-02-15 12:48:07,488 INFO o.s.d.r.c.RepositoryConfigurationDelegate [main] Finished Spring Data repository scanning in 37 ms. Found 0 Reactive Elasticsearch repository interfaces.
2023-02-15 12:48:09,335 INFO o.s.b.w.e.t.TomcatWebServer [main] Tomcat initialized with port(s): 9099 (http)
2023-02-15 12:48:09,408 INFO o.a.j.l.DirectJDKLog [main] Initializing ProtocolHandler ["http-nio-9099"]
2023-02-15 12:48:09,412 INFO o.a.j.l.DirectJDKLog [main] Starting service [Tomcat]
2023-02-15 12:48:09,413 INFO o.a.j.l.DirectJDKLog [main] Starting Servlet engine: [Apache Tomcat/9.0.56]
2023-02-15 12:48:11,349 INFO o.a.j.l.DirectJDKLog [main] Initializing Spring embedded WebApplicationContext
2023-02-15 12:48:11,349 INFO o.s.b.w.s.c.ServletWebServerApplicationContext [main] Root WebApplicationContext: initialization completed in 5453 ms
2023-02-15 12:48:14,721 INFO o.a.j.l.DirectJDKLog [main] Starting ProtocolHandler ["http-nio-9099"]
2023-02-15 12:48:14,741 INFO o.s.b.w.e.t.TomcatWebServer [main] Tomcat started on port(s): 9099 (http) with context path ''
2023-02-15 12:48:14,764 INFO o.s.b.StartupInfoLogger [main] Started EmployifySearchApplication in 10.303 seconds (JVM running for 12.676)
2023-02-15 12:48:19,272 INFO o.a.j.l.DirectJDKLog [http-nio-9099-exec-2] Initializing Spring DispatcherServlet 'dispatcherServlet'
2023-02-15 12:48:19,272 INFO o.s.w.s.FrameworkServlet [http-nio-9099-exec-2] Initializing Servlet 'dispatcherServlet'
2023-02-15 12:48:19,281 INFO o.s.w.s.FrameworkServlet [http-nio-9099-exec-2] Completed initialization in 2 ms
2023-02-15 12:52:04,423 INFO c.e.c.IndexerController [http-nio-9099-exec-1] CITY=Nevesinje
2023-02-15 14:33:13,275 INFO o.s.b.StartupInfoLogger [main] Starting EmployifySearchApplication using Java 17.0.4.1 on KATARINA with PID 4236 (C:\Users\PC\Desktop\AgencijaZaZaposljavanje\EmployifySearch\EmployifySearchBack\target\classes started by PC in C:\Users\PC\Desktop\AgencijaZaZaposljavanje\EmployifySearch\EmployifySearchBack)
2023-02-15 14:33:13,304 INFO o.s.b.SpringApplication [main] No active profile set, falling back to default profiles: default
2023-02-15 14:33:14,365 INFO o.s.d.r.c.RepositoryConfigurationDelegate [main] Bootstrapping Spring Data Elasticsearch repositories in DEFAULT mode.
2023-02-15 14:33:14,483 INFO o.s.d.r.c.RepositoryConfigurationDelegate [main] Finished Spring Data repository scanning in 106 ms. Found 1 Elasticsearch repository interfaces.
2023-02-15 14:33:14,834 INFO o.s.d.r.c.RepositoryConfigurationDelegate [main] Bootstrapping Spring Data Reactive Elasticsearch repositories in DEFAULT mode.
2023-02-15 14:33:14,863 INFO o.s.d.r.c.RepositoryConfigurationDelegate [main] Finished Spring Data repository scanning in 27 ms. Found 0 Reactive Elasticsearch repository interfaces.
2023-02-15 14:33:15,946 INFO o.s.b.w.e.t.TomcatWebServer [main] Tomcat initialized with port(s): 9099 (http)
2023-02-15 14:33:15,993 INFO o.a.j.l.DirectJDKLog [main] Initializing ProtocolHandler ["http-nio-9099"]
2023-02-15 14:33:15,994 INFO o.a.j.l.DirectJDKLog [main] Starting service [Tomcat]
2023-02-15 14:33:15,996 INFO o.a.j.l.DirectJDKLog [main] Starting Servlet engine: [Apache Tomcat/9.0.56]
2023-02-15 14:33:16,231 INFO o.a.j.l.DirectJDKLog [main] Initializing Spring embedded WebApplicationContext
2023-02-15 14:33:16,232 INFO o.s.b.w.s.c.ServletWebServerApplicationContext [main] Root WebApplicationContext: initialization completed in 2810 ms
2023-02-15 14:33:18,740 INFO o.a.j.l.DirectJDKLog [main] Starting ProtocolHandler ["http-nio-9099"]
2023-02-15 14:33:18,763 INFO o.s.b.w.e.t.TomcatWebServer [main] Tomcat started on port(s): 9099 (http) with context path ''
2023-02-15 14:33:18,778 INFO o.s.b.StartupInfoLogger [main] Started EmployifySearchApplication in 6.83 seconds (JVM running for 9.485)
2023-02-15 14:35:54,793 INFO o.a.j.l.DirectJDKLog [http-nio-9099-exec-1] Initializing Spring DispatcherServlet 'dispatcherServlet'
2023-02-15 14:35:54,793 INFO o.s.w.s.FrameworkServlet [http-nio-9099-exec-1] Initializing Servlet 'dispatcherServlet'
2023-02-15 14:35:54,793 INFO o.s.w.s.FrameworkServlet [http-nio-9099-exec-1] Completed initialization in 0 ms
2023-02-15 14:38:50,873 INFO c.e.c.IndexerController [http-nio-9099-exec-3] EMPLOYEE=0
2023-02-15 14:38:50,874 INFO c.e.c.IndexerController [http-nio-9099-exec-3] COMPANY=0
2023-02-15 14:39:07,153 INFO o.s.b.StartupInfoLogger [main] Starting EmployifySearchApplication using Java 17.0.4.1 on KATARINA with PID 5776 (C:\Users\PC\Desktop\AgencijaZaZaposljavanje\EmployifySearch\EmployifySearchBack\target\classes started by PC in C:\Users\PC\Desktop\AgencijaZaZaposljavanje\EmployifySearch\EmployifySearchBack)
2023-02-15 14:39:07,205 INFO o.s.b.SpringApplication [main] No active profile set, falling back to default profiles: default
2023-02-15 14:39:08,614 INFO o.s.d.r.c.RepositoryConfigurationDelegate [main] Bootstrapping Spring Data Elasticsearch repositories in DEFAULT mode.
2023-02-15 14:39:08,789 INFO o.s.d.r.c.RepositoryConfigurationDelegate [main] Finished Spring Data repository scanning in 155 ms. Found 1 Elasticsearch repository interfaces.
2023-02-15 14:39:09,225 INFO o.s.d.r.c.RepositoryConfigurationDelegate [main] Bootstrapping Spring Data Reactive Elasticsearch repositories in DEFAULT mode.
2023-02-15 14:39:09,257 INFO o.s.d.r.c.RepositoryConfigurationDelegate [main] Finished Spring Data repository scanning in 26 ms. Found 0 Reactive Elasticsearch repository interfaces.
2023-02-15 14:39:10,875 INFO o.s.b.w.e.t.TomcatWebServer [main] Tomcat initialized with port(s): 9099 (http)
2023-02-15 14:39:10,938 INFO o.a.j.l.DirectJDKLog [main] Initializing ProtocolHandler ["http-nio-9099"]
2023-02-15 14:39:10,938 INFO o.a.j.l.DirectJDKLog [main] Starting service [Tomcat]
2023-02-15 14:39:10,938 INFO o.a.j.l.DirectJDKLog [main] Starting Servlet engine: [Apache Tomcat/9.0.56]
2023-02-15 14:39:11,219 INFO o.a.j.l.DirectJDKLog [main] Initializing Spring embedded WebApplicationContext
2023-02-15 14:39:11,219 INFO o.s.b.w.s.c.ServletWebServerApplicationContext [main] Root WebApplicationContext: initialization completed in 3863 ms
2023-02-15 14:39:15,692 INFO o.a.j.l.DirectJDKLog [main] Starting ProtocolHandler ["http-nio-9099"]
2023-02-15 14:39:15,719 INFO o.s.b.w.e.t.TomcatWebServer [main] Tomcat started on port(s): 9099 (http) with context path ''
2023-02-15 14:39:15,736 INFO o.s.b.StartupInfoLogger [main] Started EmployifySearchApplication in 10.698 seconds (JVM running for 15.346)
2023-02-15 14:40:16,757 INFO o.a.j.l.DirectJDKLog [http-nio-9099-exec-1] Initializing Spring DispatcherServlet 'dispatcherServlet'
2023-02-15 14:40:16,757 INFO o.s.w.s.FrameworkServlet [http-nio-9099-exec-1] Initializing Servlet 'dispatcherServlet'
2023-02-15 14:40:16,757 INFO o.s.w.s.FrameworkServlet [http-nio-9099-exec-1] Completed initialization in 0 ms
2023-02-15 14:40:43,823 INFO c.e.c.IndexerController [http-nio-9099-exec-1] EMPLOYEE=2
2023-02-15 14:40:43,823 INFO c.e.c.IndexerController [http-nio-9099-exec-1] COMPANY=2
2023-02-15 14:40:56,670 INFO o.s.b.StartupInfoLogger [main] Starting EmployifySearchApplication using Java 17.0.4.1 on KATARINA with PID 3220 (C:\Users\PC\Desktop\AgencijaZaZaposljavanje\EmployifySearch\EmployifySearchBack\target\classes started by PC in C:\Users\PC\Desktop\AgencijaZaZaposljavanje\EmployifySearch\EmployifySearchBack)
2023-02-15 14:40:56,693 INFO o.s.b.SpringApplication [main] No active profile set, falling back to default profiles: default
2023-02-15 14:40:57,903 INFO o.s.d.r.c.RepositoryConfigurationDelegate [main] Bootstrapping Spring Data Elasticsearch repositories in DEFAULT mode.
2023-02-15 14:40:58,028 INFO o.s.d.r.c.RepositoryConfigurationDelegate [main] Finished Spring Data repository scanning in 112 ms. Found 1 Elasticsearch repository interfaces.
2023-02-15 14:40:58,453 INFO o.s.d.r.c.RepositoryConfigurationDelegate [main] Bootstrapping Spring Data Reactive Elasticsearch repositories in DEFAULT mode.
2023-02-15 14:40:58,484 INFO o.s.d.r.c.RepositoryConfigurationDelegate [main] Finished Spring Data repository scanning in 20 ms. Found 0 Reactive Elasticsearch repository interfaces.
2023-02-15 14:40:59,579 INFO o.s.b.w.e.t.TomcatWebServer [main] Tomcat initialized with port(s): 9099 (http)
2023-02-15 14:40:59,632 INFO o.a.j.l.DirectJDKLog [main] Initializing ProtocolHandler ["http-nio-9099"]
2023-02-15 14:40:59,636 INFO o.a.j.l.DirectJDKLog [main] Starting service [Tomcat]
2023-02-15 14:40:59,637 INFO o.a.j.l.DirectJDKLog [main] Starting Servlet engine: [Apache Tomcat/9.0.56]
2023-02-15 14:40:59,954 INFO o.a.j.l.DirectJDKLog [main] Initializing Spring embedded WebApplicationContext
2023-02-15 14:40:59,955 INFO o.s.b.w.s.c.ServletWebServerApplicationContext [main] Root WebApplicationContext: initialization completed in 3128 ms
2023-02-15 14:41:03,496 INFO o.a.j.l.DirectJDKLog [main] Starting ProtocolHandler ["http-nio-9099"]
2023-02-15 14:41:03,532 INFO o.s.b.w.e.t.TomcatWebServer [main] Tomcat started on port(s): 9099 (http) with context path ''
2023-02-15 14:41:03,604 INFO o.s.b.StartupInfoLogger [main] Started EmployifySearchApplication in 8.35 seconds (JVM running for 11.399)
2023-02-15 14:42:00,284 INFO o.a.j.l.DirectJDKLog [http-nio-9099-exec-1] Initializing Spring DispatcherServlet 'dispatcherServlet'
2023-02-15 14:42:00,284 INFO o.s.w.s.FrameworkServlet [http-nio-9099-exec-1] Initializing Servlet 'dispatcherServlet'
2023-02-15 14:42:00,284 INFO o.s.w.s.FrameworkServlet [http-nio-9099-exec-1] Completed initialization in 0 ms
2023-02-15 14:42:05,854 INFO c.e.c.IndexerController [http-nio-9099-exec-1] EMPLOYEE=Maja Zerajic
2023-02-15 14:42:05,854 INFO c.e.c.IndexerController [http-nio-9099-exec-1] COMPANY=Maja Zerajic
2023-02-15 14:47:08,232 INFO o.s.b.StartupInfoLogger [main] Starting EmployifySearchApplication using Java 17.0.4.1 on KATARINA with PID 18180 (C:\Users\PC\Desktop\AgencijaZaZaposljavanje\EmployifySearch\EmployifySearchBack\target\classes started by PC in C:\Users\PC\Desktop\AgencijaZaZaposljavanje\EmployifySearch\EmployifySearchBack)
2023-02-15 14:47:08,270 INFO o.s.b.SpringApplication [main] No active profile set, falling back to default profiles: default
2023-02-15 14:47:09,260 INFO o.s.d.r.c.RepositoryConfigurationDelegate [main] Bootstrapping Spring Data Elasticsearch repositories in DEFAULT mode.
2023-02-15 14:47:09,359 INFO o.s.d.r.c.RepositoryConfigurationDelegate [main] Finished Spring Data repository scanning in 85 ms. Found 1 Elasticsearch repository interfaces.
2023-02-15 14:47:09,696 INFO o.s.d.r.c.RepositoryConfigurationDelegate [main] Bootstrapping Spring Data Reactive Elasticsearch repositories in DEFAULT mode.
2023-02-15 14:47:09,715 INFO o.s.d.r.c.RepositoryConfigurationDelegate [main] Finished Spring Data repository scanning in 18 ms. Found 0 Reactive Elasticsearch repository interfaces.
2023-02-15 14:47:10,594 INFO o.s.b.w.e.t.TomcatWebServer [main] Tomcat initialized with port(s): 9099 (http)
2023-02-15 14:47:10,630 INFO o.a.j.l.DirectJDKLog [main] Initializing ProtocolHandler ["http-nio-9099"]
2023-02-15 14:47:10,631 INFO o.a.j.l.DirectJDKLog [main] Starting service [Tomcat]
2023-02-15 14:47:10,633 INFO o.a.j.l.DirectJDKLog [main] Starting Servlet engine: [Apache Tomcat/9.0.56]
2023-02-15 14:47:10,855 INFO o.a.j.l.DirectJDKLog [main] Initializing Spring embedded WebApplicationContext
2023-02-15 14:47:10,856 INFO o.s.b.w.s.c.ServletWebServerApplicationContext [main] Root WebApplicationContext: initialization completed in 2478 ms
2023-02-15 14:47:12,878 INFO o.a.j.l.DirectJDKLog [main] Starting ProtocolHandler ["http-nio-9099"]
2023-02-15 14:47:12,899 INFO o.s.b.w.e.t.TomcatWebServer [main] Tomcat started on port(s): 9099 (http) with context path ''
2023-02-15 14:47:12,940 INFO o.s.b.StartupInfoLogger [main] Started EmployifySearchApplication in 5.865 seconds (JVM running for 8.286)
2023-02-15 14:47:22,352 INFO o.a.j.l.DirectJDKLog [http-nio-9099-exec-2] Initializing Spring DispatcherServlet 'dispatcherServlet'
2023-02-15 14:47:22,353 INFO o.s.w.s.FrameworkServlet [http-nio-9099-exec-2] Initializing Servlet 'dispatcherServlet'
2023-02-15 14:47:22,355 INFO o.s.w.s.FrameworkServlet [http-nio-9099-exec-2] Completed initialization in 2 ms
2023-02-15 18:42:51,153 INFO o.s.b.StartupInfoLogger [main] Starting EmployifySearchApplication using Java 17.0.4.1 on KATARINA with PID 14284 (C:\Users\PC\Desktop\AgencijaZaZaposljavanje\EmployifySearch\EmployifySearchBack\target\classes started by PC in C:\Users\PC\Desktop\AgencijaZaZaposljavanje\EmployifySearch\EmployifySearchBack)
2023-02-15 18:42:51,190 INFO o.s.b.SpringApplication [main] No active profile set, falling back to default profiles: default
2023-02-15 18:42:52,581 INFO o.s.d.r.c.RepositoryConfigurationDelegate [main] Bootstrapping Spring Data Elasticsearch repositories in DEFAULT mode.
2023-02-15 18:42:52,730 INFO o.s.d.r.c.RepositoryConfigurationDelegate [main] Finished Spring Data repository scanning in 129 ms. Found 1 Elasticsearch repository interfaces.
2023-02-15 18:42:53,522 INFO o.s.d.r.c.RepositoryConfigurationDelegate [main] Bootstrapping Spring Data Reactive Elasticsearch repositories in DEFAULT mode.
2023-02-15 18:42:53,575 INFO o.s.d.r.c.RepositoryConfigurationDelegate [main] Finished Spring Data repository scanning in 52 ms. Found 0 Reactive Elasticsearch repository interfaces.
2023-02-15 18:42:56,004 INFO o.s.b.w.e.t.TomcatWebServer [main] Tomcat initialized with port(s): 9099 (http)
2023-02-15 18:42:56,148 INFO o.a.j.l.DirectJDKLog [main] Initializing ProtocolHandler ["http-nio-9099"]
2023-02-15 18:42:56,152 INFO o.a.j.l.DirectJDKLog [main] Starting service [Tomcat]
2023-02-15 18:42:56,156 INFO o.a.j.l.DirectJDKLog [main] Starting Servlet engine: [Apache Tomcat/9.0.56]
2023-02-15 18:42:57,538 INFO o.a.j.l.DirectJDKLog [main] Initializing Spring embedded WebApplicationContext
2023-02-15 18:42:57,540 INFO o.s.b.w.s.c.ServletWebServerApplicationContext [main] Root WebApplicationContext: initialization completed in 6220 ms
2023-02-15 18:43:03,236 INFO o.a.j.l.DirectJDKLog [main] Starting ProtocolHandler ["http-nio-9099"]
2023-02-15 18:43:03,283 INFO o.s.b.w.e.t.TomcatWebServer [main] Tomcat started on port(s): 9099 (http) with context path ''
2023-02-15 18:43:03,299 INFO o.s.b.StartupInfoLogger [main] Started EmployifySearchApplication in 13.707 seconds (JVM running for 17.109)
2023-02-15 18:43:03,611 INFO o.a.j.l.DirectJDKLog [http-nio-9099-exec-1] Initializing Spring DispatcherServlet 'dispatcherServlet'
2023-02-15 18:43:03,611 INFO o.s.w.s.FrameworkServlet [http-nio-9099-exec-1] Initializing Servlet 'dispatcherServlet'
2023-02-15 18:43:03,611 INFO o.s.w.s.FrameworkServlet [http-nio-9099-exec-1] Completed initialization in 0 ms
2023-02-15 18:53:21,663 INFO o.s.b.StartupInfoLogger [main] Starting EmployifySearchApplication using Java 17.0.4.1 on KATARINA with PID 17608 (C:\Users\PC\Desktop\AgencijaZaZaposljavanje\EmployifySearch\EmployifySearchBack\target\classes started by PC in C:\Users\PC\Desktop\AgencijaZaZaposljavanje\EmployifySearch\EmployifySearchBack)
2023-02-15 18:53:21,711 INFO o.s.b.SpringApplication [main] No active profile set, falling back to default profiles: default
2023-02-15 18:53:22,786 INFO o.s.d.r.c.RepositoryConfigurationDelegate [main] Bootstrapping Spring Data Elasticsearch repositories in DEFAULT mode.
2023-02-15 18:53:22,895 INFO o.s.d.r.c.RepositoryConfigurationDelegate [main] Finished Spring Data repository scanning in 89 ms. Found 1 Elasticsearch repository interfaces.
2023-02-15 18:53:23,419 INFO o.s.d.r.c.RepositoryConfigurationDelegate [main] Bootstrapping Spring Data Reactive Elasticsearch repositories in DEFAULT mode.
2023-02-15 18:53:23,448 INFO o.s.d.r.c.RepositoryConfigurationDelegate [main] Finished Spring Data repository scanning in 25 ms. Found 0 Reactive Elasticsearch repository interfaces.
2023-02-15 18:53:24,717 INFO o.s.b.w.e.t.TomcatWebServer [main] Tomcat initialized with port(s): 9099 (http)
2023-02-15 18:53:24,774 INFO o.a.j.l.DirectJDKLog [main] Initializing ProtocolHandler ["http-nio-9099"]
2023-02-15 18:53:24,777 INFO o.a.j.l.DirectJDKLog [main] Starting service [Tomcat]
2023-02-15 18:53:24,778 INFO o.a.j.l.DirectJDKLog [main] Starting Servlet engine: [Apache Tomcat/9.0.56]
2023-02-15 18:53:25,065 INFO o.a.j.l.DirectJDKLog [main] Initializing Spring embedded WebApplicationContext
2023-02-15 18:53:25,065 INFO o.s.b.w.s.c.ServletWebServerApplicationContext [main] Root WebApplicationContext: initialization completed in 3220 ms
2023-02-15 18:53:27,992 INFO o.a.j.l.DirectJDKLog [main] Starting ProtocolHandler ["http-nio-9099"]
2023-02-15 18:53:28,003 INFO o.s.b.w.e.t.TomcatWebServer [main] Tomcat started on port(s): 9099 (http) with context path ''
2023-02-15 18:53:28,036 INFO o.s.b.StartupInfoLogger [main] Started EmployifySearchApplication in 7.865 seconds (JVM running for 11.162)
2023-02-15 18:53:35,619 INFO o.a.j.l.DirectJDKLog [http-nio-9099-exec-1] Initializing Spring DispatcherServlet 'dispatcherServlet'
2023-02-15 18:53:35,620 INFO o.s.w.s.FrameworkServlet [http-nio-9099-exec-1] Initializing Servlet 'dispatcherServlet'
2023-02-15 18:53:35,621 INFO o.s.w.s.FrameworkServlet [http-nio-9099-exec-1] Completed initialization in 1 ms
2023-02-15 18:56:30,195 INFO c.e.c.IndexerController [http-nio-9099-exec-1] EMPLOYEE=Maja Zerajic
2023-02-15 18:56:30,196 INFO c.e.c.IndexerController [http-nio-9099-exec-1] COMPANY=Bonita
2023-02-15 18:57:22,446 INFO c.e.c.IndexerController [http-nio-9099-exec-10] EMPLOYEE=Jelena Vujovic
2023-02-15 18:57:22,446 INFO c.e.c.IndexerController [http-nio-9099-exec-10] COMPANY=Bonita
2023-02-16 10:03:10,789 INFO o.s.b.StartupInfoLogger [main] Starting EmployifySearchApplication using Java 17.0.4.1 on KATARINA with PID 17516 (C:\Users\PC\Desktop\AgencijaZaZaposljavanje\EmployifySearch\EmployifySearchBack\target\classes started by PC in C:\Users\PC\Desktop\AgencijaZaZaposljavanje\EmployifySearch\EmployifySearchBack)
2023-02-16 10:03:10,825 INFO o.s.b.SpringApplication [main] No active profile set, falling back to default profiles: default
2023-02-16 10:03:12,899 INFO o.s.d.r.c.RepositoryConfigurationDelegate [main] Bootstrapping Spring Data Elasticsearch repositories in DEFAULT mode.
2023-02-16 10:03:13,059 INFO o.s.d.r.c.RepositoryConfigurationDelegate [main] Finished Spring Data repository scanning in 139 ms. Found 2 Elasticsearch repository interfaces.
2023-02-16 10:03:13,820 INFO o.s.d.r.c.RepositoryConfigurationDelegate [main] Bootstrapping Spring Data Reactive Elasticsearch repositories in DEFAULT mode.
2023-02-16 10:03:13,856 INFO o.s.d.r.c.RepositoryConfigurationDelegate [main] Finished Spring Data repository scanning in 35 ms. Found 0 Reactive Elasticsearch repository interfaces.
2023-02-16 10:03:15,297 INFO o.s.b.w.e.t.TomcatWebServer [main] Tomcat initialized with port(s): 9099 (http)
2023-02-16 10:03:15,344 INFO o.a.j.l.DirectJDKLog [main] Initializing ProtocolHandler ["http-nio-9099"]
2023-02-16 10:03:15,344 INFO o.a.j.l.DirectJDKLog [main] Starting service [Tomcat]
2023-02-16 10:03:15,344 INFO o.a.j.l.DirectJDKLog [main] Starting Servlet engine: [Apache Tomcat/9.0.56]
2023-02-16 10:03:15,672 INFO o.a.j.l.DirectJDKLog [main] Initializing Spring embedded WebApplicationContext
2023-02-16 10:03:15,672 INFO o.s.b.w.s.c.ServletWebServerApplicationContext [main] Root WebApplicationContext: initialization completed in 4499 ms
2023-02-16 10:03:19,784 INFO o.a.j.l.DirectJDKLog [main] Starting ProtocolHandler ["http-nio-9099"]
2023-02-16 10:03:19,815 INFO o.s.b.w.e.t.TomcatWebServer [main] Tomcat started on port(s): 9099 (http) with context path ''
2023-02-16 10:03:19,831 INFO o.s.b.StartupInfoLogger [main] Started EmployifySearchApplication in 11.873 seconds (JVM running for 18.324)
2023-02-16 10:03:41,298 INFO o.a.j.l.DirectJDKLog [http-nio-9099-exec-2] Initializing Spring DispatcherServlet 'dispatcherServlet'
2023-02-16 10:03:41,314 INFO o.s.w.s.FrameworkServlet [http-nio-9099-exec-2] Initializing Servlet 'dispatcherServlet'
2023-02-16 10:03:41,314 INFO o.s.w.s.FrameworkServlet [http-nio-9099-exec-2] Completed initialization in 0 ms
2023-02-16 10:04:55,840 INFO o.s.b.StartupInfoLogger [main] Starting EmployifySearchApplication using Java 17.0.4.1 on KATARINA with PID 13280 (C:\Users\PC\Desktop\AgencijaZaZaposljavanje\EmployifySearch\EmployifySearchBack\target\classes started by PC in C:\Users\PC\Desktop\AgencijaZaZaposljavanje\EmployifySearch\EmployifySearchBack)
2023-02-16 10:04:55,867 INFO o.s.b.SpringApplication [main] No active profile set, falling back to default profiles: default
2023-02-16 10:04:56,846 INFO o.s.d.r.c.RepositoryConfigurationDelegate [main] Bootstrapping Spring Data Elasticsearch repositories in DEFAULT mode.
2023-02-16 10:04:56,959 INFO o.s.d.r.c.RepositoryConfigurationDelegate [main] Finished Spring Data repository scanning in 99 ms. Found 2 Elasticsearch repository interfaces.
2023-02-16 10:04:57,297 INFO o.s.d.r.c.RepositoryConfigurationDelegate [main] Bootstrapping Spring Data Reactive Elasticsearch repositories in DEFAULT mode.
2023-02-16 10:04:57,315 INFO o.s.d.r.c.RepositoryConfigurationDelegate [main] Finished Spring Data repository scanning in 16 ms. Found 0 Reactive Elasticsearch repository interfaces.
2023-02-16 10:04:58,197 INFO o.s.b.w.e.t.TomcatWebServer [main] Tomcat initialized with port(s): 9099 (http)
2023-02-16 10:04:58,231 INFO o.a.j.l.DirectJDKLog [main] Initializing ProtocolHandler ["http-nio-9099"]
2023-02-16 10:04:58,232 INFO o.a.j.l.DirectJDKLog [main] Starting service [Tomcat]
2023-02-16 10:04:58,234 INFO o.a.j.l.DirectJDKLog [main] Starting Servlet engine: [Apache Tomcat/9.0.56]
2023-02-16 10:04:58,494 INFO o.a.j.l.DirectJDKLog [main] Initializing Spring embedded WebApplicationContext
2023-02-16 10:04:58,494 INFO o.s.b.w.s.c.ServletWebServerApplicationContext [main] Root WebApplicationContext: initialization completed in 2521 ms
2023-02-16 10:05:00,520 INFO o.a.j.l.DirectJDKLog [main] Starting ProtocolHandler ["http-nio-9099"]
2023-02-16 10:05:00,539 INFO o.s.b.w.e.t.TomcatWebServer [main] Tomcat started on port(s): 9099 (http) with context path ''
2023-02-16 10:05:00,552 INFO o.s.b.StartupInfoLogger [main] Started EmployifySearchApplication in 5.869 seconds (JVM running for 8.62)
2023-02-16 10:06:24,922 INFO o.a.j.l.DirectJDKLog [http-nio-9099-exec-1] Initializing Spring DispatcherServlet 'dispatcherServlet'
2023-02-16 10:06:24,922 INFO o.s.w.s.FrameworkServlet [http-nio-9099-exec-1] Initializing Servlet 'dispatcherServlet'
2023-02-16 10:06:24,922 INFO o.s.w.s.FrameworkServlet [http-nio-9099-exec-1] Completed initialization in 0 ms
2023-02-16 10:06:25,875 INFO c.e.c.IndexerController [http-nio-9099-exec-2] CITY=Nevesinje
2023-02-16 10:07:05,693 INFO c.e.c.IndexerController [http-nio-9099-exec-3] CITY=Nevesinje
2023-02-16 10:11:37,162 INFO c.e.c.IndexerController [http-nio-9099-exec-4] EMPLOYEE=Marko Markovic
2023-02-16 10:11:37,162 INFO c.e.c.IndexerController [http-nio-9099-exec-4] COMPANY=Bonita
2023-02-16 10:11:43,591 INFO c.e.c.IndexerController [http-nio-9099-exec-5] EMPLOYEE=Maja Zerajic
2023-02-16 10:11:43,591 INFO c.e.c.IndexerController [http-nio-9099-exec-5] COMPANY=Bonita
2023-02-17 14:07:50,505 INFO o.s.b.StartupInfoLogger [main] Starting EmployifySearchApplication using Java 17.0.4.1 on KATARINA with PID 10588 (C:\Users\PC\Desktop\AgencijaZaZaposljavanje\EmployifySearch\EmployifySearchBack\target\classes started by PC in C:\Users\PC\Desktop\AgencijaZaZaposljavanje\EmployifySearch\EmployifySearchBack)
2023-02-17 14:07:50,543 INFO o.s.b.SpringApplication [main] No active profile set, falling back to default profiles: default
2023-02-17 14:07:56,597 INFO o.s.d.r.c.RepositoryConfigurationDelegate [main] Bootstrapping Spring Data Elasticsearch repositories in DEFAULT mode.
2023-02-17 14:07:57,619 INFO o.s.d.r.c.RepositoryConfigurationDelegate [main] Finished Spring Data repository scanning in 976 ms. Found 2 Elasticsearch repository interfaces.
2023-02-17 14:07:58,694 INFO o.s.d.r.c.RepositoryConfigurationDelegate [main] Bootstrapping Spring Data Reactive Elasticsearch repositories in DEFAULT mode.
2023-02-17 14:07:58,725 INFO o.s.d.r.c.RepositoryConfigurationDelegate [main] Finished Spring Data repository scanning in 39 ms. Found 0 Reactive Elasticsearch repository interfaces.
2023-02-17 14:08:00,343 INFO o.s.b.w.e.t.TomcatWebServer [main] Tomcat initialized with port(s): 9099 (http)
2023-02-17 14:08:00,406 INFO o.a.j.l.DirectJDKLog [main] Initializing ProtocolHandler ["http-nio-9099"]
2023-02-17 14:08:00,455 INFO o.a.j.l.DirectJDKLog [main] Starting service [Tomcat]
2023-02-17 14:08:00,458 INFO o.a.j.l.DirectJDKLog [main] Starting Servlet engine: [Apache Tomcat/9.0.56]
2023-02-17 14:08:00,948 INFO o.a.j.l.DirectJDKLog [main] Initializing Spring embedded WebApplicationContext
2023-02-17 14:08:00,948 INFO o.s.b.w.s.c.ServletWebServerApplicationContext [main] Root WebApplicationContext: initialization completed in 9902 ms
2023-02-17 14:08:06,223 INFO o.a.j.l.DirectJDKLog [main] Starting ProtocolHandler ["http-nio-9099"]
2023-02-17 14:08:06,254 INFO o.s.b.w.e.t.TomcatWebServer [main] Tomcat started on port(s): 9099 (http) with context path ''
2023-02-17 14:08:06,270 INFO o.s.b.StartupInfoLogger [main] Started EmployifySearchApplication in 17.741 seconds (JVM running for 21.735)
2023-02-17 14:08:51,188 INFO o.a.j.l.DirectJDKLog [http-nio-9099-exec-1] Initializing Spring DispatcherServlet 'dispatcherServlet'
2023-02-17 14:08:51,188 INFO o.s.w.s.FrameworkServlet [http-nio-9099-exec-1] Initializing Servlet 'dispatcherServlet'
2023-02-17 14:08:51,188 INFO o.s.w.s.FrameworkServlet [http-nio-9099-exec-1] Completed initialization in 0 ms
2023-02-17 14:08:52,181 INFO c.e.c.IndexerController [http-nio-9099-exec-2] CITY=Nevesinje
2023-02-17 14:13:15,332 INFO o.s.b.StartupInfoLogger [main] Starting EmployifySearchApplication using Java 17.0.4.1 on KATARINA with PID 11940 (C:\Users\PC\Desktop\AgencijaZaZaposljavanje\EmployifySearch\EmployifySearchBack\target\classes started by PC in C:\Users\PC\Desktop\AgencijaZaZaposljavanje\EmployifySearch\EmployifySearchBack)
2023-02-17 14:13:15,351 INFO o.s.b.SpringApplication [main] No active profile set, falling back to default profiles: default
2023-02-17 14:13:17,526 INFO o.s.d.r.c.RepositoryConfigurationDelegate [main] Bootstrapping Spring Data Elasticsearch repositories in DEFAULT mode.
2023-02-17 14:13:17,774 INFO o.s.d.r.c.RepositoryConfigurationDelegate [main] Finished Spring Data repository scanning in 197 ms. Found 2 Elasticsearch repository interfaces.
2023-02-17 14:13:18,693 INFO o.s.d.r.c.RepositoryConfigurationDelegate [main] Bootstrapping Spring Data Reactive Elasticsearch repositories in DEFAULT mode.
2023-02-17 14:13:18,748 INFO o.s.d.r.c.RepositoryConfigurationDelegate [main] Finished Spring Data repository scanning in 54 ms. Found 0 Reactive Elasticsearch repository interfaces.
2023-02-17 14:13:20,997 INFO o.s.b.w.e.t.TomcatWebServer [main] Tomcat initialized with port(s): 9099 (http)
2023-02-17 14:13:21,044 INFO o.a.j.l.DirectJDKLog [main] Initializing ProtocolHandler ["http-nio-9099"]
2023-02-17 14:13:21,044 INFO o.a.j.l.DirectJDKLog [main] Starting service [Tomcat]
2023-02-17 14:13:21,060 INFO o.a.j.l.DirectJDKLog [main] Starting Servlet engine: [Apache Tomcat/9.0.56]
2023-02-17 14:13:21,593 INFO o.a.j.l.DirectJDKLog [main] Initializing Spring embedded WebApplicationContext
2023-02-17 14:13:21,593 INFO o.s.b.w.s.c.ServletWebServerApplicationContext [main] Root WebApplicationContext: initialization completed in 6104 ms
2023-02-17 14:13:25,712 INFO o.a.j.l.DirectJDKLog [main] Starting ProtocolHandler ["http-nio-9099"]
2023-02-17 14:13:25,743 INFO o.s.b.w.e.t.TomcatWebServer [main] Tomcat started on port(s): 9099 (http) with context path ''
2023-02-17 14:13:25,759 INFO o.s.b.StartupInfoLogger [main] Started EmployifySearchApplication in 12.543 seconds (JVM running for 14.928)
2023-02-17 14:13:35,980 INFO o.a.j.l.DirectJDKLog [http-nio-9099-exec-2] Initializing Spring DispatcherServlet 'dispatcherServlet'
2023-02-17 14:13:35,980 INFO o.s.w.s.FrameworkServlet [http-nio-9099-exec-2] Initializing Servlet 'dispatcherServlet'
2023-02-17 14:13:35,996 INFO o.s.w.s.FrameworkServlet [http-nio-9099-exec-2] Completed initialization in 0 ms
2023-02-17 14:14:48,856 INFO o.s.b.StartupInfoLogger [main] Starting EmployifySearchApplication using Java 17.0.4.1 on KATARINA with PID 10404 (C:\Users\PC\Desktop\AgencijaZaZaposljavanje\EmployifySearch\EmployifySearchBack\target\classes started by PC in C:\Users\PC\Desktop\AgencijaZaZaposljavanje\EmployifySearch\EmployifySearchBack)
2023-02-17 14:14:48,894 INFO o.s.b.SpringApplication [main] No active profile set, falling back to default profiles: default
2023-02-17 14:14:49,996 INFO o.s.d.r.c.RepositoryConfigurationDelegate [main] Bootstrapping Spring Data Elasticsearch repositories in DEFAULT mode.
2023-02-17 14:14:50,120 INFO o.s.d.r.c.RepositoryConfigurationDelegate [main] Finished Spring Data repository scanning in 109 ms. Found 2 Elasticsearch repository interfaces.
2023-02-17 14:14:50,510 INFO o.s.d.r.c.RepositoryConfigurationDelegate [main] Bootstrapping Spring Data Reactive Elasticsearch repositories in DEFAULT mode.
2023-02-17 14:14:50,551 INFO o.s.d.r.c.RepositoryConfigurationDelegate [main] Finished Spring Data repository scanning in 39 ms. Found 0 Reactive Elasticsearch repository interfaces.
2023-02-17 14:14:51,691 INFO o.s.b.w.e.t.TomcatWebServer [main] Tomcat initialized with port(s): 9099 (http)
2023-02-17 14:14:51,739 INFO o.a.j.l.DirectJDKLog [main] Initializing ProtocolHandler ["http-nio-9099"]
2023-02-17 14:14:51,741 INFO o.a.j.l.DirectJDKLog [main] Starting service [Tomcat]
2023-02-17 14:14:51,742 INFO o.a.j.l.DirectJDKLog [main] Starting Servlet engine: [Apache Tomcat/9.0.56]
2023-02-17 14:14:52,023 INFO o.a.j.l.DirectJDKLog [main] Initializing Spring embedded WebApplicationContext
2023-02-17 14:14:52,023 INFO o.s.b.w.s.c.ServletWebServerApplicationContext [main] Root WebApplicationContext: initialization completed in 3021 ms
2023-02-17 14:14:54,846 INFO o.a.j.l.DirectJDKLog [main] Starting ProtocolHandler ["http-nio-9099"]
2023-02-17 14:14:54,901 INFO o.s.b.w.e.t.TomcatWebServer [main] Tomcat started on port(s): 9099 (http) with context path ''
2023-02-17 14:14:54,927 INFO o.s.b.StartupInfoLogger [main] Started EmployifySearchApplication in 7.305 seconds (JVM running for 10.199)
2023-02-17 14:21:23,802 INFO o.a.j.l.DirectJDKLog [http-nio-9099-exec-1] Initializing Spring DispatcherServlet 'dispatcherServlet'
2023-02-17 14:21:23,802 INFO o.s.w.s.FrameworkServlet [http-nio-9099-exec-1] Initializing Servlet 'dispatcherServlet'
2023-02-17 14:21:23,802 INFO o.s.w.s.FrameworkServlet [http-nio-9099-exec-1] Completed initialization in 0 ms
2023-02-17 14:21:24,771 INFO c.e.c.IndexerController [http-nio-9099-exec-1] CITY=Nevesinje
2023-02-17 14:21:55,246 INFO c.e.c.IndexerController [http-nio-9099-exec-2] CITY=Nevesinje
2023-02-17 14:23:22,670 INFO c.e.c.IndexerController [http-nio-9099-exec-6] EMPLOYEE=Maja Zerajic
2023-02-17 14:23:22,670 INFO c.e.c.IndexerController [http-nio-9099-exec-6] COMPANY=SEmployify
2023-02-17 14:24:23,246 INFO c.e.c.IndexerController [http-nio-9099-exec-7] EMPLOYEE=Marko Markovic
2023-02-17 14:24:23,247 INFO c.e.c.IndexerController [http-nio-9099-exec-7] COMPANY=SEmployify
2023-02-17 14:27:10,731 INFO o.s.b.StartupInfoLogger [main] Starting EmployifySearchApplication using Java 17.0.4.1 on KATARINA with PID 15192 (C:\Users\PC\Desktop\AgencijaZaZaposljavanje\EmployifySearch\EmployifySearchBack\target\classes started by PC in C:\Users\PC\Desktop\AgencijaZaZaposljavanje\EmployifySearch\EmployifySearchBack)
2023-02-17 14:27:10,762 INFO o.s.b.SpringApplication [main] No active profile set, falling back to default profiles: default
2023-02-17 14:27:11,971 INFO o.s.d.r.c.RepositoryConfigurationDelegate [main] Bootstrapping Spring Data Elasticsearch repositories in DEFAULT mode.
2023-02-17 14:27:12,125 INFO o.s.d.r.c.RepositoryConfigurationDelegate [main] Finished Spring Data repository scanning in 139 ms. Found 2 Elasticsearch repository interfaces.
2023-02-17 14:27:12,560 INFO o.s.d.r.c.RepositoryConfigurationDelegate [main] Bootstrapping Spring Data Reactive Elasticsearch repositories in DEFAULT mode.
2023-02-17 14:27:12,586 INFO o.s.d.r.c.RepositoryConfigurationDelegate [main] Finished Spring Data repository scanning in 25 ms. Found 0 Reactive Elasticsearch repository interfaces.
2023-02-17 14:27:13,936 INFO o.s.b.w.e.t.TomcatWebServer [main] Tomcat initialized with port(s): 9099 (http)
2023-02-17 14:27:13,986 INFO o.a.j.l.DirectJDKLog [main] Initializing ProtocolHandler ["http-nio-9099"]
2023-02-17 14:27:13,988 INFO o.a.j.l.DirectJDKLog [main] Starting service [Tomcat]
2023-02-17 14:27:13,989 INFO o.a.j.l.DirectJDKLog [main] Starting Servlet engine: [Apache Tomcat/9.0.56]
2023-02-17 14:27:14,326 INFO o.a.j.l.DirectJDKLog [main] Initializing Spring embedded WebApplicationContext
2023-02-17 14:27:14,327 INFO o.s.b.w.s.c.ServletWebServerApplicationContext [main] Root WebApplicationContext: initialization completed in 3443 ms
2023-02-17 14:27:17,423 INFO o.a.j.l.DirectJDKLog [main] Starting ProtocolHandler ["http-nio-9099"]
2023-02-17 14:27:17,451 INFO o.s.b.w.e.t.TomcatWebServer [main] Tomcat started on port(s): 9099 (http) with context path ''
2023-02-17 14:27:17,469 INFO o.s.b.StartupInfoLogger [main] Started EmployifySearchApplication in 8.155 seconds (JVM running for 11.933)
2023-02-17 14:27:25,277 INFO o.a.j.l.DirectJDKLog [http-nio-9099-exec-2] Initializing Spring DispatcherServlet 'dispatcherServlet'
2023-02-17 14:27:25,294 INFO o.s.w.s.FrameworkServlet [http-nio-9099-exec-2] Initializing Servlet 'dispatcherServlet'
2023-02-17 14:27:25,297 INFO o.s.w.s.FrameworkServlet [http-nio-9099-exec-2] Completed initialization in 1 ms
2023-02-17 14:28:49,465 INFO o.s.b.StartupInfoLogger [main] Starting EmployifySearchApplication using Java 17.0.4.1 on KATARINA with PID 2032 (C:\Users\PC\Desktop\AgencijaZaZaposljavanje\EmployifySearch\EmployifySearchBack\target\classes started by PC in C:\Users\PC\Desktop\AgencijaZaZaposljavanje\EmployifySearch\EmployifySearchBack)
2023-02-17 14:28:49,492 INFO o.s.b.SpringApplication [main] No active profile set, falling back to default profiles: default
2023-02-17 14:28:50,707 INFO o.s.d.r.c.RepositoryConfigurationDelegate [main] Bootstrapping Spring Data Elasticsearch repositories in DEFAULT mode.
2023-02-17 14:28:50,851 INFO o.s.d.r.c.RepositoryConfigurationDelegate [main] Finished Spring Data repository scanning in 128 ms. Found 2 Elasticsearch repository interfaces.
2023-02-17 14:28:51,301 INFO o.s.d.r.c.RepositoryConfigurationDelegate [main] Bootstrapping Spring Data Reactive Elasticsearch repositories in DEFAULT mode.
2023-02-17 14:28:51,329 INFO o.s.d.r.c.RepositoryConfigurationDelegate [main] Finished Spring Data repository scanning in 27 ms. Found 0 Reactive Elasticsearch repository interfaces.
2023-02-17 14:28:52,768 INFO o.s.b.w.e.t.TomcatWebServer [main] Tomcat initialized with port(s): 9099 (http)
2023-02-17 14:28:52,817 INFO o.a.j.l.DirectJDKLog [main] Initializing ProtocolHandler ["http-nio-9099"]
2023-02-17 14:28:52,817 INFO o.a.j.l.DirectJDKLog [main] Starting service [Tomcat]
2023-02-17 14:28:52,817 INFO o.a.j.l.DirectJDKLog [main] Starting Servlet engine: [Apache Tomcat/9.0.56]
2023-02-17 14:28:53,138 INFO o.a.j.l.DirectJDKLog [main] Initializing Spring embedded WebApplicationContext
2023-02-17 14:28:53,138 INFO o.s.b.w.s.c.ServletWebServerApplicationContext [main] Root WebApplicationContext: initialization completed in 3510 ms
2023-02-17 14:28:56,124 INFO o.a.j.l.DirectJDKLog [main] Starting ProtocolHandler ["http-nio-9099"]
2023-02-17 14:28:56,155 INFO o.s.b.w.e.t.TomcatWebServer [main] Tomcat started on port(s): 9099 (http) with context path ''
2023-02-17 14:28:56,171 INFO o.s.b.StartupInfoLogger [main] Started EmployifySearchApplication in 8.158 seconds (JVM running for 11.593)
2023-02-17 14:30:54,065 INFO o.s.b.StartupInfoLogger [main] Starting EmployifySearchApplication using Java 17.0.4.1 on KATARINA with PID 12684 (C:\Users\PC\Desktop\AgencijaZaZaposljavanje\EmployifySearch\EmployifySearchBack\target\classes started by PC in C:\Users\PC\Desktop\AgencijaZaZaposljavanje\EmployifySearch\EmployifySearchBack)
2023-02-17 14:30:54,114 INFO o.s.b.SpringApplication [main] No active profile set, falling back to default profiles: default
2023-02-17 14:30:55,164 INFO o.s.d.r.c.RepositoryConfigurationDelegate [main] Bootstrapping Spring Data Elasticsearch repositories in DEFAULT mode.
2023-02-17 14:30:55,290 INFO o.s.d.r.c.RepositoryConfigurationDelegate [main] Finished Spring Data repository scanning in 111 ms. Found 2 Elasticsearch repository interfaces.
2023-02-17 14:30:55,707 INFO o.s.d.r.c.RepositoryConfigurationDelegate [main] Bootstrapping Spring Data Reactive Elasticsearch repositories in DEFAULT mode.
2023-02-17 14:30:55,734 INFO o.s.d.r.c.RepositoryConfigurationDelegate [main] Finished Spring Data repository scanning in 26 ms. Found 0 Reactive Elasticsearch repository interfaces.
2023-02-17 14:30:56,845 INFO o.s.b.w.e.t.TomcatWebServer [main] Tomcat initialized with port(s): 9099 (http)
2023-02-17 14:30:56,887 INFO o.a.j.l.DirectJDKLog [main] Initializing ProtocolHandler ["http-nio-9099"]
2023-02-17 14:30:56,888 INFO o.a.j.l.DirectJDKLog [main] Starting service [Tomcat]
2023-02-17 14:30:56,890 INFO o.a.j.l.DirectJDKLog [main] Starting Servlet engine: [Apache Tomcat/9.0.56]
2023-02-17 14:30:57,148 INFO o.a.j.l.DirectJDKLog [main] Initializing Spring embedded WebApplicationContext
2023-02-17 14:30:57,149 INFO o.s.b.w.s.c.ServletWebServerApplicationContext [main] Root WebApplicationContext: initialization completed in 2928 ms
2023-02-17 14:30:59,680 INFO o.a.j.l.DirectJDKLog [main] Starting ProtocolHandler ["http-nio-9099"]
2023-02-17 14:30:59,704 INFO o.s.b.w.e.t.TomcatWebServer [main] Tomcat started on port(s): 9099 (http) with context path ''
2023-02-17 14:30:59,721 INFO o.s.b.StartupInfoLogger [main] Started EmployifySearchApplication in 6.885 seconds (JVM running for 9.19)
2023-02-17 14:31:07,330 INFO o.a.j.l.DirectJDKLog [http-nio-9099-exec-2] Initializing Spring DispatcherServlet 'dispatcherServlet'
2023-02-17 14:31:07,331 INFO o.s.w.s.FrameworkServlet [http-nio-9099-exec-2] Initializing Servlet 'dispatcherServlet'
2023-02-17 14:31:07,333 INFO o.s.w.s.FrameworkServlet [http-nio-9099-exec-2] Completed initialization in 2 ms
2023-02-17 14:31:49,458 INFO c.e.c.IndexerController [http-nio-9099-exec-7] EMPLOYEE=Maja Zerajic
2023-02-17 14:31:49,458 INFO c.e.c.IndexerController [http-nio-9099-exec-7] COMPANY=SEmployify
